Information: Running averaged power analysis... (PWR-601)
Information: Running power calculation with 4 threads. (PWR-602)
****************************************
Report : Averaged Power
Design : conv_pool
Version: K-2015.06-SP1
Date   : Mon Apr 24 12:58:36 2017
****************************************



  Attributes
  ----------
      i  -  Including register clock pin internal power
      u  -  User defined power group

                        Internal  Switching  Leakage    Total
Power Group             Power     Power      Power      Power   (     %)  Attrs
--------------------------------------------------------------------------------
clock_network           9.010e-04    0.0000    0.0000 9.010e-04 (13.07%)  i
register                4.575e-04 4.012e-04 4.455e-07 8.592e-04 (12.46%)  
combinational           2.865e-03 2.268e-03 2.463e-06 5.135e-03 (74.47%)  
sequential                 0.0000    0.0000    0.0000    0.0000 ( 0.00%)  
memory                     0.0000    0.0000    0.0000    0.0000 ( 0.00%)  
io_pad                     0.0000    0.0000    0.0000    0.0000 ( 0.00%)  
black_box                  0.0000    0.0000    0.0000    0.0000 ( 0.00%)  

  Net Switching Power  = 2.669e-03   (38.70%)
  Cell Internal Power  = 4.224e-03   (61.25%)
  Cell Leakage Power   = 2.908e-06   ( 0.04%)
                         ---------
Total Power            = 6.895e-03  (100.00%)

1
