Using: /usr/local/synopsys/hspice_2015.06/hspice/linux64/hspice  -i 'onbit_tb.sp'
 ****** HSPICE -- K-2015.06-2 linux64 (Jun 25 2015) ******                      
  Copyright (c) 1986 - 2016 by Synopsys, Inc. All Rights Reserved.              
  This software and the associated documentation are proprietary
  to Synopsys, Inc. This software may only be used in accordance
  with the terms and conditions of a written license agreement with
  Synopsys, Inc. All other use, reproduction, or distribution of
  this software is strictly prohibited.
  Input File: onbit_tb.sp                                                       
  Command line options: /usr/local/synopsys/hspice_2015.06/hspice/linux64/hspice -i onbit_tb.sp
 lic:  
 lic: FLEXlm: v11.2.1 
 lic: USER:   aparame2             HOSTNAME: eecad17.eas.asu.edu 
 lic: HOSTID: 989096d614cf         PID:      699 
 lic: Using FLEXlm license file: 
 lic: 27020@enlicense9.eas.asu.edu 
 lic: Checkout 1 hspice 
 lic: License/Maintenance for hspice will expire on 18-jul-2017/2016.06 
 lic: 7(in_use)/150(total) FLOATING license(s) on SERVER 27020@enlicense9.eas.asu.edu 
 lic:   
 Init: read install configuration file: /usr/local/synopsys/hspice_2015.06/hspice/meta.cfg
 **warning** (onbit_tb.sp:23) nonstandard number 25.64E-15F is interpreted as 2.564e-14
  **warning** (./onbit.spf:22) Global net name, "gnd", in subckt pin list. The pin will be connected to the local net. Recommend to not use global net names in subckt pin lists.
1****** HSPICE -- K-2015.06-2 linux64 (Jun 25 2015) ******                      
 ******  
 .temp25

 ****** circuit name directory
 circuit number to circuit name directory
   number circuitname                     definition         multiplier
        0 main circuit
        1 x1.                             onbit              1.00 
        2 x1.xmmm1.                       p105               1.00 
        3 x1.xmmm2.                       p105               1.00 
        4 x1.xmmm3.                       n105               1.00 
        5 x1.xmmm4.                       n105               1.00 
        6 x1.xmmm5.                       n105               1.00 
        7 x1.xmmm6.                       p105               1.00 
        8 x1.xmmm9.                       p105               1.00 
        9 x1.xmmm10.                      n105               1.00 
       10 x1.xmmm12.                      n105               1.00 
       11 x1.xmmm13.                      p105               1.00 
       12 x1.xmmm14.                      p105               1.00 
       13 x1.xmmm15.                      p105               1.00 
       14 x1.xmmm16.                      n105               1.00 
       15 x1.xmmm17.                      n105               1.00 
       16 x1.xmmm18.                      n105               1.00 
       17 x1.xmmm19.                      n105               1.00 
       18 x1.xmmm20.                      n105               1.00 
       19 x1.xmmm21.                      p105               1.00 
       20 x1.xmmm22.                      p105               1.00 
       21 x1.xmmm23.                      p105               1.00 
       22 x1.xmmm24.                      n105               1.00 
       23 x1.xmmm25.                      p105               1.00 
       24 x1.xmmm28.                      n105               1.00 
       25 x1.xmmm29.                      n105               1.00 
       26 x1.xmmm30.                      p105               1.00 
       27 x1.xmmm31.                      p105               1.00 
       28 x1.xmmm32.                      p105               1.00 
       29 x1.xmmm33.                      n105               1.00 
1****** HSPICE -- K-2015.06-2 linux64 (Jun 25 2015) ******                      
 ******  
 .temp25

 ****** mos   model parameters tnom=  25.000 temp=  25.000 ******
 Model file: /afs/asu.edu/users/a/p/a/aparame2/425_lab/iPDK/hspice/saed32nm.lib
 Model line:         2403
 Model Name: p105  
 BSIM4 Model (Level 54)
    MOBMOD = 0
    BINUNIT = 1
    PARAMCHK = 0
    CAPMOD = 2
    DIOMOD = 1
    RDSMOD = 0
    TRNQSMOD = 0
    ACNQSMOD = 0
    RBODYMOD = 0
    RGATEMOD = 0
    PERMOD = 1
    GEOMOD = 0
    RGEOMOD = 0
    FNOIMOD = 1
    TNOIMOD = 0
    IGCMOD = 1
    IGBMOD = 1
    STIMOD = 1
    VBFWDMOD = 0
    VERSION =    4.5 
    TOXREF = 2.62e-09 
    TOXE = 2.62e-09 
    TOXP = 2.295e-09 
    TOXM = 2.62e-09 
    DTOX =      0 
    EPSROX =    3.9 
    CDSC = 0.1605 
    CDSCB =   0.03 
    CDSCD =      0 
    CIT =      0 
    NFACTOR =      1 
    XJ =  1e-07 
    VSAT = 7.58e+04 
    A0 =  4.509 
    AGS = 0.8198 
    A1 =      0 
    A2 =      1 
    AT =      0 
    KETA = 0.05365 
    NSUB =  6e+16 
    NDEP =  1e+17 
    NSD =  1e+20 
    NGATE = 2.452e+20 
    GAMMA1 =      0 
    GAMMA2 =      0 
    VBX =      0 
    VBM =     -3 
    XT = 1.55e-07 
    K1 = 0.4225 
    KT1 = -0.1673 
    KT1L = -5.206e-09 
    KT2 = -0.0214 
    K2 = -0.0358 
    K3 =  -0.15 
    K3B = 0.0348 
    LPE0 =  5e-08 
    LPEB = 3.777e-09 
    DVTP0 =  8e-07 
    DVTP1 =      0 
    W0 =      0 
    DVT0 =   15.2 
    DVT1 =   1.38 
    DVT2 = 0.0676 
    DVT0W = -0.001592 
    DVT1W =  1e+06 
    DVT2W =   0.25 
    DROUT =   0.56 
    DSUB = 0.3276 
    VTH0 = -0.2565 
    EU =      1 
    UA = 1.203e-15 
    UA1 = -0.0008414 
    UB = 1.67e-19 
    UB1 = 0.002181 
    UC = 2.853e-15 
    UC1 = -0.01207 
    U0 =  60.95 
    UTE = -0.9859 
    VOFF = -0.02239 
    VOFFL = -2.144e-09 
    MINV =  0.736 
    FPROUT =  300.8 
    PDITS =  0.676 
    PDITSD = 0.6156 
    PDITSL = 1.543e+06 
    DELTA =   0.01 
    RDSW =  390.9 
    RDSWMIN =      0 
    RDWMIN =      0 
    RSWMIN =      0 
    RDW =    100 
    RSW =    100 
    PRWG =      0 
    PRWB =      0 
    PRT = 0.0017 
    ETA0 =  0.155 
    ETAB = -0.0843 
    PCLM = 0.1352 
    PDIBLC1 =  1e-07 
    PDIBLC2 =  1e-05 
    PDIBLCB =      0 
    PSCBE1 =  5e+09 
    PSCBE2 =  5e-06 
    PVAG =      2 
    WR =      1 
    DWG =      0 
    DWB =      0 
    XW =      0 
    XWREF =      0 
    XL =  2e-09 
    XLREF =  2e-09 
    B0 =  2e-08 
    B1 =      0 
    ALPHA0 = 8.656e-12 
    ALPHA1 =      0 
    AGIDL = 4.612e-11 
    BGIDL = 6.495e+08 
    CGIDL =  21.15 
    PHIN =   -0.1 
    EGIDL = 0.2457 
    AIGC = 0.00766 
    BIGC = 0.0013 
    CIGC =   0.05 
    AIGSD = 0.00465 
    BIGSD = 0.0003 
    CIGSD = 0.008847 
    AIGBACC = 0.01242 
    BIGBACC = 0.002439 
    CIGBACC = -1.5e-10 
    AIGBINV = 0.01311 
    BIGBINV = 0.002519 
    CIGBINV = 0.0005126 
    NIGC =      3 
    NIGBINV =      1 
    NIGBACC =  8.977 
    NTOX =      1 
    EIGBINV = 1.726e-06 
    PIGCD =      1 
    POXEDGE =  1.404 
    XRCRG1 =     12 
    TNOIA =    1.5 
    TNOIB =    3.5 
    NTNOI =      1 
    XRCRG2 =      1 
    BETA0 =      6 
    IJTHDFWD =    0.1 
    IJTHSFWD =    0.1 
    IJTHDREV =    0.1 
    IJTHSREV =    0.1 
    XJBVD =      1 
    XJBVS =      1 
    BVD =     12 
    BVS =     12 
    VFB =     -1 
    GBMIN =  1e-12 
    RBDB =     50 
    RBPB =     50 
    RBSB =     50 
    RBPS =     50 
    RBPD =     50 
    CGSL = 6.5e-11 
    CGDL = 6.5e-11 
    CKAPPAS =   0.66 
    CKAPPAD =   0.66 
    CF =      0 
    CLC =      0 
    CLE =    0.6 
    DWC =      0 
    DLC = 7.256e-09 
    DLCIG = 5.462e-09 
    DWJ =      0 
    VFBCV =     -1 
    ACDE =  0.518 
    MOIN =     15 
    NOFF =  1.801 
    VOFFCV = 0.08105 
    DMCG =  7e-08 
    DMCI = 3.5e-08 
    DMDG =  6e-08 
    DMCGT =      0 
    XGW =  4e-08 
    XGL = -2e-09 
    RSHG =     11 
    NGCON =      1 
    TCJ = 0.001028 
    TPB = 0.001529 
    TCJSW = 0.001049 
    TPBSW = 0.0004987 
    TCJSWG = 0.0006756 
    TPBSWG = 0.0003417 
    SK0 =      0 
    SK1 =      0 
    SK2 =      0 
    SL =  2e-06 
    SW =  2e-06 
    K =      0 
    LNFACTOR = -0.007 
    LA0 =   0.22 
    LAGS = 0.3509 
    LNDEP = 7.826e+16 
    LUTE = 0.01626 
    LMINV = 0.03843 
    LETAB = 0.002324 
    LAIGC = -2e-05 
    LNOFF = 0.05048 
    LVOFFCV = -0.001943 
    WU0 =  2.292 
    PVSAT =    130 
    PETA0 = -0.0002 
    TNOM =  298.1 
    CGSO = 1.48e-10 
    CGDO = 1.48e-10 
    CGBO =      0 
    XPART =      0 
    RSH =      9 
    JSS = 8.942e-07 
    JSWS = 1.348e-13 
    JSWGS = 1.339e-13 
    PBS = 0.7283 
    MJS = 0.3521 
    PBSWS =   0.94 
    MJSWS = 0.1185 
    CJS = 0.001346 
    CJSWS = 6.5e-11 
    NJS =  1.098 
    PBSWGS = 0.7408 
    MJSWGS = 0.5345 
    CJSWGS = 2.99e-10 
    XTIS =      3 
    JSD = 8.942e-07 
    JSWD = 1.348e-13 
    JSWGD = 1.339e-13 
    PBD = 0.7283 
    MJD = 0.3521 
    PBSWD =   0.94 
    MJSWD = 0.1185 
    CJD = 0.001346 
    CJSWD = 6.5e-11 
    NJD =  1.098 
    PBSWGD = 0.7408 
    MJSWGD = 0.5345 
    CJSWGD = 2.99e-10 
    XTID =      3 
    LMLT =      1 
    WMLT =      1 
    LINT =      0 
    LL =      0 
    LLC =      0 
    LLN =      1 
    LW =      0 
    LWC =      0 
    LWN =      1 
    LWL =      0 
    LWLC =      0 
    LMIN =      0 
    LMAX =      1 
    WINT =      0 
    WL =      0 
    WLC =      0 
    WLN =      1 
    WW =      0 
    WWC =      0 
    WWN =      1 
    WWL =      0 
    WWLC =      0 
    WMIN =      0 
    WMAX =      1 
    NOIA = 8.203e+41 
    NOIB = 1.947e+22 
    NOIC = 3.282e+09 
    EM = 4.1e+07 
    EF =   1.04 
    AF =      1 
    KF =      0 
    TRS =      0 
    TRD =      0 
    TEMPMOD  =      1 
    LAMBDA   =      0 
    VTL      =  2e+05 m/s
    LC       =  5e-09 
    XN       =      3 
    LLAMBDA  =      0 
    LVTL     =      0 
    LXN      =      0 
    WLAMBDA  =      0 
    WVTL     =      0 
    WXN      =      0 
    PLAMBDA  =      0 
    PVTL     =      0 
    PXN      =      0 
    RNOIA    =  0.577 
    RNOIB    = 0.5164 
    SAREF(SA0) = 4.48e-07 m
    SBREF(SB0) = 4.48e-07 m
    WLOD     =      0 m
    KU0      = -2.75e-09 1/m
    KVSAT    =      0 
    KVTH0    = -1.115e-09 m
    TKU0     =      0 
    LLODKU0  =      0 
    WLODKU0  =      0 
    LLODVTH  =      0 
    WLODVTH  =      0 
    LKU0     =      0 
    WKU0     =      0 
    PKU0     =      0 
    LKVTH0   =      0 
    WKVTH0   =      0 
    PKVTH0   =      0 
    STK2     =      0 
    LODK2    =      1 
    STETA0   =      0 
    LODETA0  =      1 
    LXRCRG1  =      0 
    WXRCRG1  =      0 
    PXRCRG1  =      0 
    LXRCRG2  =      0 
    WXRCRG2  =      0 
    PXRCRG2  =      0 
     *** UCB's BSIM4.4.0 new diode model is activated. ***
    *** UCB's Diode Model Parameters ***
    JTSS         =  0.002 
    JTSSWS       =      0 
    JTSSWGS      = 3.8e-11 
    JTSD         =  0.002 
    JTSSWD       =      0 
    JTSSWGD      = 3.8e-11 
    NJTS         =     20 
    NJTSSW       =     20 
    NJTSSWG      =  1.695 
    XTSS         =   0.02 
    XTSSWS       =   0.02 
    XTSSWGS      = 0.08619 
    XTSD         =   0.02 
    XTSSWD       =   0.02 
    XTSSWGD      = 0.08619 
    TNJTS        =      0 
    TNJTSSW      =      0 
    TNJTSSWG     =   0.32 
    VFBSDOFF     =      0 
    LVFBSDOFF    =      0 
    WVFBSDOFF    =      0 
    PVFBSDOFF    =      0 
    LINTNOI      =      0 
    VTSS         =     10 
    VTSD         =     10 
    VTSSWS       =     10 
    VTSSWD       =     10 
    VTSSWGS      = 0.9376 
    VTSSWGD      = 0.9376 
    TTDIOMOD     =      1 
     *** UCB's BSIM4.5.0 new model is activated. ***
    UD         =      0 
    UD1        =      0 
    UP         =  -0.45 
    LP         =  6e-08 
    TVOFF      = 0.01744 
    TVFBSDOFF  =      0 
    RBPS0      =     50 
    RBPSL      =      0 
    RBPSW      =      0 
    RBPSNF     =      0 
    RBPD0      =     50 
    RBPDL      =      0 
    RBPDW      =      0 
    RBPDNF     =      0 
    RBPBX0     =    100 
    RBPBXL     =      0 
    RBPBXW     =      0 
    RBPBXNF    =      0 
    RBPBY0     =    100 
    RBPBYL     =      0 
    RBPBYW     =      0 
    RBPBYNF    =      0 
    RBSBX0     =    100 
    RBSBY0     =    100 
    RBDBX0     =    100 
    RBDBY0     =    100 
    RBSDBXL    =      0 
    RBSDBXW    =      0 
    RBSDBXNF   =      0 
    RBSDBYL    =      0 
    RBSDBYW    =      0 
    RBSDBYNF   =      0 
    LUD        =      0 
    LUD1       =      0 
    LUP        =      0 
    LLP        =      0 
    LTVOFF     =      0 
    LTVFBSDOFF =      0 
    WUD        =      0 
    WUD1       =      0 
    WUP        =      0 
    WLP        =      0 
    WTVOFF     =      0 
    WTVFBSDOFF =      0 
    PUD        =      0 
    PUD1       =      0 
    PUP        =      0 
    PLP        =      0 
    PTVOFF     =      0 
    PTVFBSDOFF =      0 
    WEB        = 6.7e+05 
    WEC        = -7e+05 
    KVTH0WE    = -1e-06 
    K2WE       =      0 
    KU0WE      =      0 
    SCREF      = 2.5e-06 
    WPEMOD     =      1 
    LKVTH0WE   =      0 
    LK2WE      =      0 
    LKU0WE     =      0 
    WKVTH0WE   =      0 
    WK2WE      =      0 
    WKU0WE     =      0 
    PKVTH0WE   =      0 
    PK2WE      =      0 
    PKU0WE     =      0 
 Model file: /afs/asu.edu/users/a/p/a/aparame2/425_lab/iPDK/hspice/saed32nm.lib
 Model line:         2403
 Model Name: p105  
 BSIM4 Model (Level 54)
    MOBMOD = 0
    BINUNIT = 1
    PARAMCHK = 0
    CAPMOD = 2
    DIOMOD = 1
    RDSMOD = 0
    TRNQSMOD = 0
    ACNQSMOD = 0
    RBODYMOD = 0
    RGATEMOD = 0
    PERMOD = 1
    GEOMOD = 0
    RGEOMOD = 0
    FNOIMOD = 1
    TNOIMOD = 0
    IGCMOD = 1
    IGBMOD = 1
    STIMOD = 1
    VBFWDMOD = 0
    VERSION =    4.5 
    TOXREF = 2.62e-09 
    TOXE = 2.62e-09 
    TOXP = 2.295e-09 
    TOXM = 2.62e-09 
    DTOX =      0 
    EPSROX =    3.9 
    CDSC = 0.1605 
    CDSCB =   0.03 
    CDSCD =      0 
    CIT =      0 
    NFACTOR =      1 
    XJ =  1e-07 
    VSAT = 7.58e+04 
    A0 =  4.509 
    AGS = 0.8198 
    A1 =      0 
    A2 =      1 
    AT =      0 
    KETA = 0.05365 
    NSUB =  6e+16 
    NDEP =  1e+17 
    NSD =  1e+20 
    NGATE = 2.452e+20 
    GAMMA1 =      0 
    GAMMA2 =      0 
    VBX =      0 
    VBM =     -3 
    XT = 1.55e-07 
    K1 = 0.4225 
    KT1 = -0.1673 
    KT1L = -5.206e-09 
    KT2 = -0.0214 
    K2 = -0.0358 
    K3 =  -0.15 
    K3B = 0.0348 
    LPE0 =  5e-08 
    LPEB = 3.777e-09 
    DVTP0 =  8e-07 
    DVTP1 =      0 
    W0 =      0 
    DVT0 =   15.2 
    DVT1 =   1.38 
    DVT2 = 0.0676 
    DVT0W = -0.001592 
    DVT1W =  1e+06 
    DVT2W =   0.25 
    DROUT =   0.56 
    DSUB = 0.3276 
    VTH0 = -0.2565 
    EU =      1 
    UA = 1.203e-15 
    UA1 = -0.0008414 
    UB = 1.67e-19 
    UB1 = 0.002181 
    UC = 2.853e-15 
    UC1 = -0.01207 
    U0 =  60.95 
    UTE = -0.9859 
    VOFF = -0.02239 
    VOFFL = -2.144e-09 
    MINV =  0.736 
    FPROUT =  300.8 
    PDITS =  0.676 
    PDITSD = 0.6156 
    PDITSL = 1.543e+06 
    DELTA =   0.01 
    RDSW =  390.9 
    RDSWMIN =      0 
    RDWMIN =      0 
    RSWMIN =      0 
    RDW =    100 
    RSW =    100 
    PRWG =      0 
    PRWB =      0 
    PRT = 0.0017 
    ETA0 =  0.155 
    ETAB = -0.0843 
    PCLM = 0.1352 
    PDIBLC1 =  1e-07 
    PDIBLC2 =  1e-05 
    PDIBLCB =      0 
    PSCBE1 =  5e+09 
    PSCBE2 =  5e-06 
    PVAG =      2 
    WR =      1 
    DWG =      0 
    DWB =      0 
    XW =      0 
    XWREF =      0 
    XL =  2e-09 
    XLREF =  2e-09 
    B0 =  2e-08 
    B1 =      0 
    ALPHA0 = 8.656e-12 
    ALPHA1 =      0 
    AGIDL = 4.612e-11 
    BGIDL = 6.495e+08 
    CGIDL =  21.15 
    PHIN =   -0.1 
    EGIDL = 0.2457 
    AIGC = 0.00766 
    BIGC = 0.0013 
    CIGC =   0.05 
    AIGSD = 0.00465 
    BIGSD = 0.0003 
    CIGSD = 0.008847 
    AIGBACC = 0.01242 
    BIGBACC = 0.002439 
    CIGBACC = -1.5e-10 
    AIGBINV = 0.01311 
    BIGBINV = 0.002519 
    CIGBINV = 0.0005126 
    NIGC =      3 
    NIGBINV =      1 
    NIGBACC =  8.977 
    NTOX =      1 
    EIGBINV = 1.726e-06 
    PIGCD =      1 
    POXEDGE =  1.404 
    XRCRG1 =     12 
    TNOIA =    1.5 
    TNOIB =    3.5 
    NTNOI =      1 
    XRCRG2 =      1 
    BETA0 =      6 
    IJTHDFWD =    0.1 
    IJTHSFWD =    0.1 
    IJTHDREV =    0.1 
    IJTHSREV =    0.1 
    XJBVD =      1 
    XJBVS =      1 
    BVD =     12 
    BVS =     12 
    VFB =     -1 
    GBMIN =  1e-12 
    RBDB =     50 
    RBPB =     50 
    RBSB =     50 
    RBPS =     50 
    RBPD =     50 
    CGSL = 6.5e-11 
    CGDL = 6.5e-11 
    CKAPPAS =   0.66 
    CKAPPAD =   0.66 
    CF =      0 
    CLC =      0 
    CLE =    0.6 
    DWC =      0 
    DLC = 7.256e-09 
    DLCIG = 5.462e-09 
    DWJ =      0 
    VFBCV =     -1 
    ACDE =  0.518 
    MOIN =     15 
    NOFF =  1.801 
    VOFFCV = 0.08105 
    DMCG =  7e-08 
    DMCI = 3.5e-08 
    DMDG =  6e-08 
    DMCGT =      0 
    XGW =  4e-08 
    XGL = -2e-09 
    RSHG =     11 
    NGCON =      1 
    TCJ = 0.001028 
    TPB = 0.001529 
    TCJSW = 0.001049 
    TPBSW = 0.0004987 
    TCJSWG = 0.0006756 
    TPBSWG = 0.0003417 
    SK0 =      0 
    SK1 =      0 
    SK2 =      0 
    SL =  2e-06 
    SW =  2e-06 
    K =      0 
    LNFACTOR = -0.007 
    LA0 =   0.22 
    LAGS = 0.3509 
    LNDEP = 7.826e+16 
    LUTE = 0.01626 
    LMINV = 0.03843 
    LETAB = 0.002324 
    LAIGC = -2e-05 
    LNOFF = 0.05048 
    LVOFFCV = -0.001943 
    WU0 =  2.292 
    PVSAT =    130 
    PETA0 = -0.0002 
    TNOM =  298.1 
    CGSO = 1.48e-10 
    CGDO = 1.48e-10 
    CGBO =      0 
    XPART =      0 
    RSH =      9 
    JSS = 8.942e-07 
    JSWS = 1.348e-13 
    JSWGS = 1.339e-13 
    PBS = 0.7283 
    MJS = 0.3521 
    PBSWS =   0.94 
    MJSWS = 0.1185 
    CJS = 0.001346 
    CJSWS = 6.5e-11 
    NJS =  1.098 
    PBSWGS = 0.7408 
    MJSWGS = 0.5345 
    CJSWGS = 2.99e-10 
    XTIS =      3 
    JSD = 8.942e-07 
    JSWD = 1.348e-13 
    JSWGD = 1.339e-13 
    PBD = 0.7283 
    MJD = 0.3521 
    PBSWD =   0.94 
    MJSWD = 0.1185 
    CJD = 0.001346 
    CJSWD = 6.5e-11 
    NJD =  1.098 
    PBSWGD = 0.7408 
    MJSWGD = 0.5345 
    CJSWGD = 2.99e-10 
    XTID =      3 
    LMLT =      1 
    WMLT =      1 
    LINT =      0 
    LL =      0 
    LLC =      0 
    LLN =      1 
    LW =      0 
    LWC =      0 
    LWN =      1 
    LWL =      0 
    LWLC =      0 
    LMIN =      0 
    LMAX =      1 
    WINT =      0 
    WL =      0 
    WLC =      0 
    WLN =      1 
    WW =      0 
    WWC =      0 
    WWN =      1 
    WWL =      0 
    WWLC =      0 
    WMIN =      0 
    WMAX =      1 
    NOIA = 8.203e+41 
    NOIB = 1.947e+22 
    NOIC = 3.282e+09 
    EM = 4.1e+07 
    EF =   1.04 
    AF =      1 
    KF =      0 
    TRS =      0 
    TRD =      0 
    TEMPMOD  =      1 
    LAMBDA   =      0 
    VTL      =  2e+05 m/s
    LC       =  5e-09 
    XN       =      3 
    LLAMBDA  =      0 
    LVTL     =      0 
    LXN      =      0 
    WLAMBDA  =      0 
    WVTL     =      0 
    WXN      =      0 
    PLAMBDA  =      0 
    PVTL     =      0 
    PXN      =      0 
    RNOIA    =  0.577 
    RNOIB    = 0.5164 
    SAREF(SA0) = 4.48e-07 m
    SBREF(SB0) = 4.48e-07 m
    WLOD     =      0 m
    KU0      = -2.75e-09 1/m
    KVSAT    =      0 
    KVTH0    = -1.115e-09 m
    TKU0     =      0 
    LLODKU0  =      0 
    WLODKU0  =      0 
    LLODVTH  =      0 
    WLODVTH  =      0 
    LKU0     =      0 
    WKU0     =      0 
    PKU0     =      0 
    LKVTH0   =      0 
    WKVTH0   =      0 
    PKVTH0   =      0 
    STK2     =      0 
    LODK2    =      1 
    STETA0   =      0 
    LODETA0  =      1 
    LXRCRG1  =      0 
    WXRCRG1  =      0 
    PXRCRG1  =      0 
    LXRCRG2  =      0 
    WXRCRG2  =      0 
    PXRCRG2  =      0 
     *** UCB's BSIM4.4.0 new diode model is activated. ***
    *** UCB's Diode Model Parameters ***
    JTSS         =  0.002 
    JTSSWS       =      0 
    JTSSWGS      = 3.8e-11 
    JTSD         =  0.002 
    JTSSWD       =      0 
    JTSSWGD      = 3.8e-11 
    NJTS         =     20 
    NJTSSW       =     20 
    NJTSSWG      =  1.695 
    XTSS         =   0.02 
    XTSSWS       =   0.02 
    XTSSWGS      = 0.08619 
    XTSD         =   0.02 
    XTSSWD       =   0.02 
    XTSSWGD      = 0.08619 
    TNJTS        =      0 
    TNJTSSW      =      0 
    TNJTSSWG     =   0.32 
    VFBSDOFF     =      0 
    LVFBSDOFF    =      0 
    WVFBSDOFF    =      0 
    PVFBSDOFF    =      0 
    LINTNOI      =      0 
    VTSS         =     10 
    VTSD         =     10 
    VTSSWS       =     10 
    VTSSWD       =     10 
    VTSSWGS      = 0.9376 
    VTSSWGD      = 0.9376 
    TTDIOMOD     =      1 
     *** UCB's BSIM4.5.0 new model is activated. ***
    UD         =      0 
    UD1        =      0 
    UP         =  -0.45 
    LP         =  6e-08 
    TVOFF      = 0.01744 
    TVFBSDOFF  =      0 
    RBPS0      =     50 
    RBPSL      =      0 
    RBPSW      =      0 
    RBPSNF     =      0 
    RBPD0      =     50 
    RBPDL      =      0 
    RBPDW      =      0 
    RBPDNF     =      0 
    RBPBX0     =    100 
    RBPBXL     =      0 
    RBPBXW     =      0 
    RBPBXNF    =      0 
    RBPBY0     =    100 
    RBPBYL     =      0 
    RBPBYW     =      0 
    RBPBYNF    =      0 
    RBSBX0     =    100 
    RBSBY0     =    100 
    RBDBX0     =    100 
    RBDBY0     =    100 
    RBSDBXL    =      0 
    RBSDBXW    =      0 
    RBSDBXNF   =      0 
    RBSDBYL    =      0 
    RBSDBYW    =      0 
    RBSDBYNF   =      0 
    LUD        =      0 
    LUD1       =      0 
    LUP        =      0 
    LLP        =      0 
    LTVOFF     =      0 
    LTVFBSDOFF =      0 
    WUD        =      0 
    WUD1       =      0 
    WUP        =      0 
    WLP        =      0 
    WTVOFF     =      0 
    WTVFBSDOFF =      0 
    PUD        =      0 
    PUD1       =      0 
    PUP        =      0 
    PLP        =      0 
    PTVOFF     =      0 
    PTVFBSDOFF =      0 
    WEB        = 6.7e+05 
    WEC        = -7e+05 
    KVTH0WE    = -1e-06 
    K2WE       =      0 
    KU0WE      =      0 
    SCREF      = 2.5e-06 
    WPEMOD     =      1 
    LKVTH0WE   =      0 
    LK2WE      =      0 
    LKU0WE     =      0 
    WKVTH0WE   =      0 
    WK2WE      =      0 
    WKU0WE     =      0 
    PKVTH0WE   =      0 
    PK2WE      =      0 
    PKU0WE     =      0 
 Model file: /afs/asu.edu/users/a/p/a/aparame2/425_lab/iPDK/hspice/saed32nm.lib
 Model line:         2265
 Model Name: n105  
 BSIM4 Model (Level 54)
    MOBMOD = 0
    BINUNIT = 1
    PARAMCHK = 0
    CAPMOD = 2
    DIOMOD = 1
    RDSMOD = 0
    TRNQSMOD = 0
    ACNQSMOD = 0
    RBODYMOD = 0
    RGATEMOD = 0
    PERMOD = 1
    GEOMOD = 0
    RGEOMOD = 0
    FNOIMOD = 1
    TNOIMOD = 0
    IGCMOD = 1
    IGBMOD = 1
    STIMOD = 1
    VBFWDMOD = 0
    VERSION =    4.5 
    TOXREF = 2.39e-09 
    TOXE = 2.39e-09 
    TOXP = 2.221e-09 
    TOXM = 2.39e-09 
    DTOX =      0 
    EPSROX =    3.9 
    CDSC =      0 
    CDSCB = -0.03563 
    CDSCD =      0 
    CIT =  0.001 
    NFACTOR =      1 
    XJ =  1e-07 
    VSAT = 2.66e+05 
    A0 =    1.4 
    AGS =   0.06 
    A1 =      0 
    A2 =    0.5 
    AT = 0.0008 
    KETA =      0 
    NSUB =  6e+16 
    NDEP = 1.5e+17 
    NSD =  1e+20 
    NGATE =  1e+23 
    GAMMA1 =      0 
    GAMMA2 =      0 
    VBX =      0 
    VBM =     -3 
    XT = 1.55e-07 
    K1 =    0.4 
    KT1 = -0.1551 
    KT1L = 7.2e-10 
    KT2 = -0.03695 
    K2 = -0.05016 
    K3 =  -3.98 
    K3B =    0.2 
    LPE0 =  2e-09 
    LPEB = 1.5e-08 
    DVTP0 = 1.3e-06 
    DVTP1 =    2.5 
    W0 = 1.658e-08 
    DVT0 =  28.16 
    DVT1 = 0.7992 
    DVT2 = 0.07028 
    DVT0W = -0.02048 
    DVT1W = 6.893e+05 
    DVT2W =  0.075 
    DROUT =  1.817 
    DSUB = 0.5135 
    VTH0 = 0.4422 
    EU =   1.67 
    UA = 4.802e-12 
    UA1 = 0.0811 
    UB = 2.661e-18 
    UB1 = -0.001228 
    UC = 1.378e-10 
    UC1 = -5.6e-11 
    U0 =   30.4 
    UTE =  -1.46 
    VOFF = -0.2037 
    VOFFL = -8.217e-10 
    MINV = -0.3614 
    FPROUT =    150 
    PDITS = 0.4942 
    PDITSD = 0.9771 
    PDITSL = 3.563e+05 
    DELTA =   0.01 
    RDSW =  340.5 
    RDSWMIN =      0 
    RDWMIN =    180 
    RSWMIN =    180 
    RDW =    100 
    RSW =    100 
    PRWG =      0 
    PRWB =      0 
    PRT = 0.005951 
    ETA0 = 0.5807 
    ETAB = -0.2873 
    PCLM =  1e-10 
    PDIBLC1 = 0.07778 
    PDIBLC2 = 0.001118 
    PDIBLCB =  -0.62 
    PSCBE1 =  5e+09 
    PSCBE2 =  5e-06 
    PVAG =      0 
    WR =      1 
    DWG =      0 
    DWB =      0 
    XW =      0 
    XWREF =      0 
    XL =  2e-09 
    XLREF =  2e-09 
    B0 =      0 
    B1 =      1 
    ALPHA0 =  4e-12 
    ALPHA1 =      0 
    AGIDL = 9.069e-10 
    BGIDL = 1.305e+09 
    CGIDL =  7.202 
    PHIN =   0.15 
    EGIDL = 0.1265 
    AIGC = 0.01132 
    BIGC = 0.001217 
    CIGC = 0.0009984 
    AIGSD = 0.008722 
    BIGSD = 0.000717 
    CIGSD = 0.007319 
    AIGBACC = 0.01301 
    BIGBACC = 0.002586 
    CIGBACC = 0.005625 
    AIGBINV = 0.01131 
    BIGBINV = 0.0012 
    CIGBINV = 0.001479 
    NIGC =      3 
    NIGBINV =      3 
    NIGBACC =  5.665 
    NTOX =      1 
    EIGBINV =    1.1 
    PIGCD =      1 
    POXEDGE =    1.3 
    XRCRG1 =     12 
    TNOIA =    1.5 
    TNOIB =    3.5 
    NTNOI =      1 
    XRCRG2 =      1 
    BETA0 =    2.8 
    IJTHDFWD =    0.1 
    IJTHSFWD =    0.1 
    IJTHDREV =    0.1 
    IJTHSREV =    0.1 
    XJBVD =      1 
    XJBVS =      1 
    BVD =     12 
    BVS =     12 
    VFB =     -1 
    GBMIN =  1e-12 
    RBDB =     50 
    RBPB =     50 
    RBSB =     50 
    RBPS =     50 
    RBPD =     50 
    CGSL = 1.444e-10 
    CGDL = 1.444e-10 
    CKAPPAS =  3.844 
    CKAPPAD =  3.844 
    CF =      0 
    CLC =      0 
    CLE =    0.6 
    DWC =      0 
    DLC = 6.9e-09 
    DLCIG =  5e-09 
    DWJ =      0 
    VFBCV =      0 
    ACDE =    0.4 
    MOIN =     15 
    NOFF =  2.077 
    VOFFCV = -0.1548 
    DMCG =  7e-08 
    DMCI = 3.5e-08 
    DMDG =  6e-08 
    DMCGT =      0 
    XGW =  4e-08 
    XGL = -2e-09 
    RSHG =     11 
    NGCON =      1 
    TCJ = 0.0006762 
    TPB = 0.001244 
    TCJSW = 0.0006257 
    TPBSW = 0.0006601 
    TCJSWG =      0 
    TPBSWG = 0.002441 
    SK0 =      0 
    SK1 =      0 
    SK2 =      0 
    SL =  2e-06 
    SW =  2e-06 
    K =      0 
    LVSAT =  -2400 
    LA0 =   -0.2 
    LAGS =  0.136 
    LNDEP = 1.972e+17 
    LK3 = -0.03844 
    LLPE0 =  3e-09 
    LDVT0 =    1.8 
    LU0 =  4.488 
    LUTE = 0.05646 
    LMINV = -0.0075 
    LETAB = 0.004725 
    LAIGC = -1e-05 
    LNOFF =   0.04 
    WVSAT =   2000 
    WDSUB =  0.008 
    WVOFF =  0.006 
    TNOM =  298.1 
    CGSO = 9.626e-11 
    CGDO = 9.626e-11 
    CGBO =  1e-12 
    XPART =      0 
    RSH =     12 
    JSS = 1.897e-07 
    JSWS = 3.693e-14 
    JSWGS = 1.15e-13 
    PBS =  0.831 
    MJS = 0.3945 
    PBSWS = 0.5281 
    MJSWS = 0.3549 
    CJS = 0.001346 
    CJSWS = 8.25e-11 
    NJS =  1.022 
    PBSWGS =  1.503 
    MJSWGS = 0.9212 
    CJSWGS = 3.04e-10 
    XTIS =      3 
    JSD = 1.897e-07 
    JSWD = 3.693e-14 
    JSWGD = 1.15e-13 
    PBD =  0.831 
    MJD = 0.3945 
    PBSWD = 0.9633 
    MJSWD = 0.3549 
    CJD = 0.001346 
    CJSWD = 8.25e-11 
    NJD =  1.022 
    PBSWGD =  1.503 
    MJSWGD = 0.9212 
    CJSWGD = 3.04e-10 
    XTID =      3 
    LMLT =      1 
    WMLT =      1 
    LINT =      0 
    LL =      0 
    LLC =      0 
    LLN =      1 
    LW =      0 
    LWC =      0 
    LWN =      1 
    LWL =      0 
    LWLC =      0 
    LMIN =      0 
    LMAX =      1 
    WINT =      0 
    WL =      0 
    WLC =      0 
    WLN =      1 
    WW =      0 
    WWC =      0 
    WWN =      1 
    WWL =      0 
    WWLC =      0 
    WMIN =      0 
    WMAX =      1 
    NOIA = 3.344e+41 
    NOIB = 2.95e+22 
    NOIC = 8.125e+07 
    EM = 4.1e+07 
    EF =   0.95 
    AF =      1 
    KF = 1.5e-27 
    TRS =      0 
    TRD =      0 
    TEMPMOD  =      1 
    LAMBDA   =      0 
    VTL      =  2e+05 m/s
    LC       =  5e-09 
    XN       =      3 
    LLAMBDA  =      0 
    LVTL     =      0 
    LXN      =      0 
    WLAMBDA  =      0 
    WVTL     =      0 
    WXN      =      0 
    PLAMBDA  =      0 
    PVTL     =      0 
    PXN      =      0 
    RNOIA    =  0.577 
    RNOIB    = 0.5164 
    SAREF(SA0) = 4.48e-07 m
    SBREF(SB0) = 4.48e-07 m
    WLOD     =      0 m
    KU0      =      0 1/m
    KVSAT    =      0 
    KVTH0    = 4.5e-10 m
    TKU0     =      0 
    LLODKU0  =      0 
    WLODKU0  =      0 
    LLODVTH  =      0 
    WLODVTH  =      0 
    LKU0     =      0 
    WKU0     =      0 
    PKU0     =      0 
    LKVTH0   =      0 
    WKVTH0   =      0 
    PKVTH0   =      0 
    STK2     =      0 
    LODK2    =      1 
    STETA0   =      0 
    LODETA0  =      1 
    LXRCRG1  =      0 
    WXRCRG1  =      0 
    PXRCRG1  =      0 
    LXRCRG2  =      0 
    WXRCRG2  =      0 
    PXRCRG2  =      0 
     *** UCB's BSIM4.4.0 new diode model is activated. ***
    *** UCB's Diode Model Parameters ***
    JTSS         =      0 
    JTSSWS       =  7e-11 
    JTSSWGS      =  1e-09 
    JTSD         =      0 
    JTSSWD       =  7e-11 
    JTSSWGD      =  1e-09 
    NJTS         =     60 
    NJTSSW       =     60 
    NJTSSWG      =    2.1 
    XTSS         =   0.02 
    XTSSWS       =   0.02 
    XTSSWGS      =   0.02 
    XTSD         =   0.02 
    XTSSWD       =   0.02 
    XTSSWGD      =   0.02 
    TNJTS        =      0 
    TNJTSSW      =      0 
    TNJTSSWG     =      0 
    VFBSDOFF     =      0 
    LVFBSDOFF    =      0 
    WVFBSDOFF    =      0 
    PVFBSDOFF    =      0 
    LINTNOI      =      0 
    VTSS         =     10 
    VTSD         =     10 
    VTSSWS       =     10 
    VTSSWD       =     10 
    VTSSWGS      =    0.9 
    VTSSWGD      =    0.9 
    TTDIOMOD     =      1 
     *** UCB's BSIM4.5.0 new model is activated. ***
    UD         =      0 
    UD1        =      0 
    UP         =   0.36 
    LP         = 3.094e-08 
    TVOFF      = 0.002063 
    TVFBSDOFF  =      0 
    RBPS0      =     50 
    RBPSL      =      0 
    RBPSW      =      0 
    RBPSNF     =      0 
    RBPD0      =     50 
    RBPDL      =      0 
    RBPDW      =      0 
    RBPDNF     =      0 
    RBPBX0     =    100 
    RBPBXL     =      0 
    RBPBXW     =      0 
    RBPBXNF    =      0 
    RBPBY0     =    100 
    RBPBYL     =      0 
    RBPBYW     =      0 
    RBPBYNF    =      0 
    RBSBX0     =    100 
    RBSBY0     =    100 
    RBDBX0     =    100 
    RBDBY0     =    100 
    RBSDBXL    =      0 
    RBSDBXW    =      0 
    RBSDBXNF   =      0 
    RBSDBYL    =      0 
    RBSDBYW    =      0 
    RBSDBYNF   =      0 
    LUD        =      0 
    LUD1       =      0 
    LUP        =      0 
    LLP        =      0 
    LTVOFF     =      0 
    LTVFBSDOFF =      0 
    WUD        =      0 
    WUD1       =      0 
    WUP        =      0 
    WLP        =      0 
    WTVOFF     =      0 
    WTVFBSDOFF =      0 
    PUD        =      0 
    PUD1       =      0 
    PUP        =      0 
    PLP        =      0 
    PTVOFF     =      0 
    PTVFBSDOFF =      0 
    WEB        = 7.5e+05 
    WEC        = -1e+05 
    KVTH0WE    = 1.156e-06 
    K2WE       =      0 
    KU0WE      =      0 
    SCREF      = 2.5e-06 
    WPEMOD     =      1 
    LKVTH0WE   =      0 
    LK2WE      =      0 
    LKU0WE     =      0 
    WKVTH0WE   =      0 
    WK2WE      =      0 
    WKU0WE     =      0 
    PKVTH0WE   =      0 
    PK2WE      =      0 
    PKU0WE     =      0 
 Model file: /afs/asu.edu/users/a/p/a/aparame2/425_lab/iPDK/hspice/saed32nm.lib
 Model line:         2265
 Model Name: n105  
 BSIM4 Model (Level 54)
    MOBMOD = 0
    BINUNIT = 1
    PARAMCHK = 0
    CAPMOD = 2
    DIOMOD = 1
    RDSMOD = 0
    TRNQSMOD = 0
    ACNQSMOD = 0
    RBODYMOD = 0
    RGATEMOD = 0
    PERMOD = 1
    GEOMOD = 0
    RGEOMOD = 0
    FNOIMOD = 1
    TNOIMOD = 0
    IGCMOD = 1
    IGBMOD = 1
    STIMOD = 1
    VBFWDMOD = 0
    VERSION =    4.5 
    TOXREF = 2.39e-09 
    TOXE = 2.39e-09 
    TOXP = 2.221e-09 
    TOXM = 2.39e-09 
    DTOX =      0 
    EPSROX =    3.9 
    CDSC =      0 
    CDSCB = -0.03563 
    CDSCD =      0 
    CIT =  0.001 
    NFACTOR =      1 
    XJ =  1e-07 
    VSAT = 2.66e+05 
    A0 =    1.4 
    AGS =   0.06 
    A1 =      0 
    A2 =    0.5 
    AT = 0.0008 
    KETA =      0 
    NSUB =  6e+16 
    NDEP = 1.5e+17 
    NSD =  1e+20 
    NGATE =  1e+23 
    GAMMA1 =      0 
    GAMMA2 =      0 
    VBX =      0 
    VBM =     -3 
    XT = 1.55e-07 
    K1 =    0.4 
    KT1 = -0.1551 
    KT1L = 7.2e-10 
    KT2 = -0.03695 
    K2 = -0.05016 
    K3 =  -3.98 
    K3B =    0.2 
    LPE0 =  2e-09 
    LPEB = 1.5e-08 
    DVTP0 = 1.3e-06 
    DVTP1 =    2.5 
    W0 = 1.658e-08 
    DVT0 =  28.16 
    DVT1 = 0.7992 
    DVT2 = 0.07028 
    DVT0W = -0.02048 
    DVT1W = 6.893e+05 
    DVT2W =  0.075 
    DROUT =  1.817 
    DSUB = 0.5135 
    VTH0 = 0.4422 
    EU =   1.67 
    UA = 4.802e-12 
    UA1 = 0.0811 
    UB = 2.661e-18 
    UB1 = -0.001228 
    UC = 1.378e-10 
    UC1 = -5.6e-11 
    U0 =   30.4 
    UTE =  -1.46 
    VOFF = -0.2037 
    VOFFL = -8.217e-10 
    MINV = -0.3614 
    FPROUT =    150 
    PDITS = 0.4942 
    PDITSD = 0.9771 
    PDITSL = 3.563e+05 
    DELTA =   0.01 
    RDSW =  340.5 
    RDSWMIN =      0 
    RDWMIN =    180 
    RSWMIN =    180 
    RDW =    100 
    RSW =    100 
    PRWG =      0 
    PRWB =      0 
    PRT = 0.005951 
    ETA0 = 0.5807 
    ETAB = -0.2873 
    PCLM =  1e-10 
    PDIBLC1 = 0.07778 
    PDIBLC2 = 0.001118 
    PDIBLCB =  -0.62 
    PSCBE1 =  5e+09 
    PSCBE2 =  5e-06 
    PVAG =      0 
    WR =      1 
    DWG =      0 
    DWB =      0 
    XW =      0 
    XWREF =      0 
    XL =  2e-09 
    XLREF =  2e-09 
    B0 =      0 
    B1 =      1 
    ALPHA0 =  4e-12 
    ALPHA1 =      0 
    AGIDL = 9.069e-10 
    BGIDL = 1.305e+09 
    CGIDL =  7.202 
    PHIN =   0.15 
    EGIDL = 0.1265 
    AIGC = 0.01132 
    BIGC = 0.001217 
    CIGC = 0.0009984 
    AIGSD = 0.008722 
    BIGSD = 0.000717 
    CIGSD = 0.007319 
    AIGBACC = 0.01301 
    BIGBACC = 0.002586 
    CIGBACC = 0.005625 
    AIGBINV = 0.01131 
    BIGBINV = 0.0012 
    CIGBINV = 0.001479 
    NIGC =      3 
    NIGBINV =      3 
    NIGBACC =  5.665 
    NTOX =      1 
    EIGBINV =    1.1 
    PIGCD =      1 
    POXEDGE =    1.3 
    XRCRG1 =     12 
    TNOIA =    1.5 
    TNOIB =    3.5 
    NTNOI =      1 
    XRCRG2 =      1 
    BETA0 =    2.8 
    IJTHDFWD =    0.1 
    IJTHSFWD =    0.1 
    IJTHDREV =    0.1 
    IJTHSREV =    0.1 
    XJBVD =      1 
    XJBVS =      1 
    BVD =     12 
    BVS =     12 
    VFB =     -1 
    GBMIN =  1e-12 
    RBDB =     50 
    RBPB =     50 
    RBSB =     50 
    RBPS =     50 
    RBPD =     50 
    CGSL = 1.444e-10 
    CGDL = 1.444e-10 
    CKAPPAS =  3.844 
    CKAPPAD =  3.844 
    CF =      0 
    CLC =      0 
    CLE =    0.6 
    DWC =      0 
    DLC = 6.9e-09 
    DLCIG =  5e-09 
    DWJ =      0 
    VFBCV =      0 
    ACDE =    0.4 
    MOIN =     15 
    NOFF =  2.077 
    VOFFCV = -0.1548 
    DMCG =  7e-08 
    DMCI = 3.5e-08 
    DMDG =  6e-08 
    DMCGT =      0 
    XGW =  4e-08 
    XGL = -2e-09 
    RSHG =     11 
    NGCON =      1 
    TCJ = 0.0006762 
    TPB = 0.001244 
    TCJSW = 0.0006257 
    TPBSW = 0.0006601 
    TCJSWG =      0 
    TPBSWG = 0.002441 
    SK0 =      0 
    SK1 =      0 
    SK2 =      0 
    SL =  2e-06 
    SW =  2e-06 
    K =      0 
    LVSAT =  -2400 
    LA0 =   -0.2 
    LAGS =  0.136 
    LNDEP = 1.972e+17 
    LK3 = -0.03844 
    LLPE0 =  3e-09 
    LDVT0 =    1.8 
    LU0 =  4.488 
    LUTE = 0.05646 
    LMINV = -0.0075 
    LETAB = 0.004725 
    LAIGC = -1e-05 
    LNOFF =   0.04 
    WVSAT =   2000 
    WDSUB =  0.008 
    WVOFF =  0.006 
    TNOM =  298.1 
    CGSO = 9.626e-11 
    CGDO = 9.626e-11 
    CGBO =  1e-12 
    XPART =      0 
    RSH =     12 
    JSS = 1.897e-07 
    JSWS = 3.693e-14 
    JSWGS = 1.15e-13 
    PBS =  0.831 
    MJS = 0.3945 
    PBSWS = 0.5281 
    MJSWS = 0.3549 
    CJS = 0.001346 
    CJSWS = 8.25e-11 
    NJS =  1.022 
    PBSWGS =  1.503 
    MJSWGS = 0.9212 
    CJSWGS = 3.04e-10 
    XTIS =      3 
    JSD = 1.897e-07 
    JSWD = 3.693e-14 
    JSWGD = 1.15e-13 
    PBD =  0.831 
    MJD = 0.3945 
    PBSWD = 0.9633 
    MJSWD = 0.3549 
    CJD = 0.001346 
    CJSWD = 8.25e-11 
    NJD =  1.022 
    PBSWGD =  1.503 
    MJSWGD = 0.9212 
    CJSWGD = 3.04e-10 
    XTID =      3 
    LMLT =      1 
    WMLT =      1 
    LINT =      0 
    LL =      0 
    LLC =      0 
    LLN =      1 
    LW =      0 
    LWC =      0 
    LWN =      1 
    LWL =      0 
    LWLC =      0 
    LMIN =      0 
    LMAX =      1 
    WINT =      0 
    WL =      0 
    WLC =      0 
    WLN =      1 
    WW =      0 
    WWC =      0 
    WWN =      1 
    WWL =      0 
    WWLC =      0 
    WMIN =      0 
    WMAX =      1 
    NOIA = 3.344e+41 
    NOIB = 2.95e+22 
    NOIC = 8.125e+07 
    EM = 4.1e+07 
    EF =   0.95 
    AF =      1 
    KF = 1.5e-27 
    TRS =      0 
    TRD =      0 
    TEMPMOD  =      1 
    LAMBDA   =      0 
    VTL      =  2e+05 m/s
    LC       =  5e-09 
    XN       =      3 
    LLAMBDA  =      0 
    LVTL     =      0 
    LXN      =      0 
    WLAMBDA  =      0 
    WVTL     =      0 
    WXN      =      0 
    PLAMBDA  =      0 
    PVTL     =      0 
    PXN      =      0 
    RNOIA    =  0.577 
    RNOIB    = 0.5164 
    SAREF(SA0) = 4.48e-07 m
    SBREF(SB0) = 4.48e-07 m
    WLOD     =      0 m
    KU0      =      0 1/m
    KVSAT    =      0 
    KVTH0    = 4.5e-10 m
    TKU0     =      0 
    LLODKU0  =      0 
    WLODKU0  =      0 
    LLODVTH  =      0 
    WLODVTH  =      0 
    LKU0     =      0 
    WKU0     =      0 
    PKU0     =      0 
    LKVTH0   =      0 
    WKVTH0   =      0 
    PKVTH0   =      0 
    STK2     =      0 
    LODK2    =      1 
    STETA0   =      0 
    LODETA0  =      1 
    LXRCRG1  =      0 
    WXRCRG1  =      0 
    PXRCRG1  =      0 
    LXRCRG2  =      0 
    WXRCRG2  =      0 
    PXRCRG2  =      0 
     *** UCB's BSIM4.4.0 new diode model is activated. ***
    *** UCB's Diode Model Parameters ***
    JTSS         =      0 
    JTSSWS       =  7e-11 
    JTSSWGS      =  1e-09 
    JTSD         =      0 
    JTSSWD       =  7e-11 
    JTSSWGD      =  1e-09 
    NJTS         =     60 
    NJTSSW       =     60 
    NJTSSWG      =    2.1 
    XTSS         =   0.02 
    XTSSWS       =   0.02 
    XTSSWGS      =   0.02 
    XTSD         =   0.02 
    XTSSWD       =   0.02 
    XTSSWGD      =   0.02 
    TNJTS        =      0 
    TNJTSSW      =      0 
    TNJTSSWG     =      0 
    VFBSDOFF     =      0 
    LVFBSDOFF    =      0 
    WVFBSDOFF    =      0 
    PVFBSDOFF    =      0 
    LINTNOI      =      0 
    VTSS         =     10 
    VTSD         =     10 
    VTSSWS       =     10 
    VTSSWD       =     10 
    VTSSWGS      =    0.9 
    VTSSWGD      =    0.9 
    TTDIOMOD     =      1 
     *** UCB's BSIM4.5.0 new model is activated. ***
    UD         =      0 
    UD1        =      0 
    UP         =   0.36 
    LP         = 3.094e-08 
    TVOFF      = 0.002063 
    TVFBSDOFF  =      0 
    RBPS0      =     50 
    RBPSL      =      0 
    RBPSW      =      0 
    RBPSNF     =      0 
    RBPD0      =     50 
    RBPDL      =      0 
    RBPDW      =      0 
    RBPDNF     =      0 
    RBPBX0     =    100 
    RBPBXL     =      0 
    RBPBXW     =      0 
    RBPBXNF    =      0 
    RBPBY0     =    100 
    RBPBYL     =      0 
    RBPBYW     =      0 
    RBPBYNF    =      0 
    RBSBX0     =    100 
    RBSBY0     =    100 
    RBDBX0     =    100 
    RBDBY0     =    100 
    RBSDBXL    =      0 
    RBSDBXW    =      0 
    RBSDBXNF   =      0 
    RBSDBYL    =      0 
    RBSDBYW    =      0 
    RBSDBYNF   =      0 
    LUD        =      0 
    LUD1       =      0 
    LUP        =      0 
    LLP        =      0 
    LTVOFF     =      0 
    LTVFBSDOFF =      0 
    WUD        =      0 
    WUD1       =      0 
    WUP        =      0 
    WLP        =      0 
    WTVOFF     =      0 
    WTVFBSDOFF =      0 
    PUD        =      0 
    PUD1       =      0 
    PUP        =      0 
    PLP        =      0 
    PTVOFF     =      0 
    PTVFBSDOFF =      0 
    WEB        = 7.5e+05 
    WEC        = -1e+05 
    KVTH0WE    = 1.156e-06 
    K2WE       =      0 
    KU0WE      =      0 
    SCREF      = 2.5e-06 
    WPEMOD     =      1 
    LKVTH0WE   =      0 
    LK2WE      =      0 
    LKU0WE     =      0 
    WKVTH0WE   =      0 
    WK2WE      =      0 
    WKU0WE     =      0 
    PKVTH0WE   =      0 
    PK2WE      =      0 
    PKU0WE     =      0 
 Model file: /afs/asu.edu/users/a/p/a/aparame2/425_lab/iPDK/hspice/saed32nm.lib
 Model line:         2265
 Model Name: n105  
 BSIM4 Model (Level 54)
    MOBMOD = 0
    BINUNIT = 1
    PARAMCHK = 0
    CAPMOD = 2
    DIOMOD = 1
    RDSMOD = 0
    TRNQSMOD = 0
    ACNQSMOD = 0
    RBODYMOD = 0
    RGATEMOD = 0
    PERMOD = 1
    GEOMOD = 0
    RGEOMOD = 0
    FNOIMOD = 1
    TNOIMOD = 0
    IGCMOD = 1
    IGBMOD = 1
    STIMOD = 1
    VBFWDMOD = 0
    VERSION =    4.5 
    TOXREF = 2.39e-09 
    TOXE = 2.39e-09 
    TOXP = 2.221e-09 
    TOXM = 2.39e-09 
    DTOX =      0 
    EPSROX =    3.9 
    CDSC =      0 
    CDSCB = -0.03563 
    CDSCD =      0 
    CIT =  0.001 
    NFACTOR =      1 
    XJ =  1e-07 
    VSAT = 2.66e+05 
    A0 =    1.4 
    AGS =   0.06 
    A1 =      0 
    A2 =    0.5 
    AT = 0.0008 
    KETA =      0 
    NSUB =  6e+16 
    NDEP = 1.5e+17 
    NSD =  1e+20 
    NGATE =  1e+23 
    GAMMA1 =      0 
    GAMMA2 =      0 
    VBX =      0 
    VBM =     -3 
    XT = 1.55e-07 
    K1 =    0.4 
    KT1 = -0.1551 
    KT1L = 7.2e-10 
    KT2 = -0.03695 
    K2 = -0.05016 
    K3 =  -3.98 
    K3B =    0.2 
    LPE0 =  2e-09 
    LPEB = 1.5e-08 
    DVTP0 = 1.3e-06 
    DVTP1 =    2.5 
    W0 = 1.658e-08 
    DVT0 =  28.16 
    DVT1 = 0.7992 
    DVT2 = 0.07028 
    DVT0W = -0.02048 
    DVT1W = 6.893e+05 
    DVT2W =  0.075 
    DROUT =  1.817 
    DSUB = 0.5135 
    VTH0 = 0.4422 
    EU =   1.67 
    UA = 4.802e-12 
    UA1 = 0.0811 
    UB = 2.661e-18 
    UB1 = -0.001228 
    UC = 1.378e-10 
    UC1 = -5.6e-11 
    U0 =   30.4 
    UTE =  -1.46 
    VOFF = -0.2037 
    VOFFL = -8.217e-10 
    MINV = -0.3614 
    FPROUT =    150 
    PDITS = 0.4942 
    PDITSD = 0.9771 
    PDITSL = 3.563e+05 
    DELTA =   0.01 
    RDSW =  340.5 
    RDSWMIN =      0 
    RDWMIN =    180 
    RSWMIN =    180 
    RDW =    100 
    RSW =    100 
    PRWG =      0 
    PRWB =      0 
    PRT = 0.005951 
    ETA0 = 0.5807 
    ETAB = -0.2873 
    PCLM =  1e-10 
    PDIBLC1 = 0.07778 
    PDIBLC2 = 0.001118 
    PDIBLCB =  -0.62 
    PSCBE1 =  5e+09 
    PSCBE2 =  5e-06 
    PVAG =      0 
    WR =      1 
    DWG =      0 
    DWB =      0 
    XW =      0 
    XWREF =      0 
    XL =  2e-09 
    XLREF =  2e-09 
    B0 =      0 
    B1 =      1 
    ALPHA0 =  4e-12 
    ALPHA1 =      0 
    AGIDL = 9.069e-10 
    BGIDL = 1.305e+09 
    CGIDL =  7.202 
    PHIN =   0.15 
    EGIDL = 0.1265 
    AIGC = 0.01132 
    BIGC = 0.001217 
    CIGC = 0.0009984 
    AIGSD = 0.008722 
    BIGSD = 0.000717 
    CIGSD = 0.007319 
    AIGBACC = 0.01301 
    BIGBACC = 0.002586 
    CIGBACC = 0.005625 
    AIGBINV = 0.01131 
    BIGBINV = 0.0012 
    CIGBINV = 0.001479 
    NIGC =      3 
    NIGBINV =      3 
    NIGBACC =  5.665 
    NTOX =      1 
    EIGBINV =    1.1 
    PIGCD =      1 
    POXEDGE =    1.3 
    XRCRG1 =     12 
    TNOIA =    1.5 
    TNOIB =    3.5 
    NTNOI =      1 
    XRCRG2 =      1 
    BETA0 =    2.8 
    IJTHDFWD =    0.1 
    IJTHSFWD =    0.1 
    IJTHDREV =    0.1 
    IJTHSREV =    0.1 
    XJBVD =      1 
    XJBVS =      1 
    BVD =     12 
    BVS =     12 
    VFB =     -1 
    GBMIN =  1e-12 
    RBDB =     50 
    RBPB =     50 
    RBSB =     50 
    RBPS =     50 
    RBPD =     50 
    CGSL = 1.444e-10 
    CGDL = 1.444e-10 
    CKAPPAS =  3.844 
    CKAPPAD =  3.844 
    CF =      0 
    CLC =      0 
    CLE =    0.6 
    DWC =      0 
    DLC = 6.9e-09 
    DLCIG =  5e-09 
    DWJ =      0 
    VFBCV =      0 
    ACDE =    0.4 
    MOIN =     15 
    NOFF =  2.077 
    VOFFCV = -0.1548 
    DMCG =  7e-08 
    DMCI = 3.5e-08 
    DMDG =  6e-08 
    DMCGT =      0 
    XGW =  4e-08 
    XGL = -2e-09 
    RSHG =     11 
    NGCON =      1 
    TCJ = 0.0006762 
    TPB = 0.001244 
    TCJSW = 0.0006257 
    TPBSW = 0.0006601 
    TCJSWG =      0 
    TPBSWG = 0.002441 
    SK0 =      0 
    SK1 =      0 
    SK2 =      0 
    SL =  2e-06 
    SW =  2e-06 
    K =      0 
    LVSAT =  -2400 
    LA0 =   -0.2 
    LAGS =  0.136 
    LNDEP = 1.972e+17 
    LK3 = -0.03844 
    LLPE0 =  3e-09 
    LDVT0 =    1.8 
    LU0 =  4.488 
    LUTE = 0.05646 
    LMINV = -0.0075 
    LETAB = 0.004725 
    LAIGC = -1e-05 
    LNOFF =   0.04 
    WVSAT =   2000 
    WDSUB =  0.008 
    WVOFF =  0.006 
    TNOM =  298.1 
    CGSO = 9.626e-11 
    CGDO = 9.626e-11 
    CGBO =  1e-12 
    XPART =      0 
    RSH =     12 
    JSS = 1.897e-07 
    JSWS = 3.693e-14 
    JSWGS = 1.15e-13 
    PBS =  0.831 
    MJS = 0.3945 
    PBSWS = 0.5281 
    MJSWS = 0.3549 
    CJS = 0.001346 
    CJSWS = 8.25e-11 
    NJS =  1.022 
    PBSWGS =  1.503 
    MJSWGS = 0.9212 
    CJSWGS = 3.04e-10 
    XTIS =      3 
    JSD = 1.897e-07 
    JSWD = 3.693e-14 
    JSWGD = 1.15e-13 
    PBD =  0.831 
    MJD = 0.3945 
    PBSWD = 0.9633 
    MJSWD = 0.3549 
    CJD = 0.001346 
    CJSWD = 8.25e-11 
    NJD =  1.022 
    PBSWGD =  1.503 
    MJSWGD = 0.9212 
    CJSWGD = 3.04e-10 
    XTID =      3 
    LMLT =      1 
    WMLT =      1 
    LINT =      0 
    LL =      0 
    LLC =      0 
    LLN =      1 
    LW =      0 
    LWC =      0 
    LWN =      1 
    LWL =      0 
    LWLC =      0 
    LMIN =      0 
    LMAX =      1 
    WINT =      0 
    WL =      0 
    WLC =      0 
    WLN =      1 
    WW =      0 
    WWC =      0 
    WWN =      1 
    WWL =      0 
    WWLC =      0 
    WMIN =      0 
    WMAX =      1 
    NOIA = 3.344e+41 
    NOIB = 2.95e+22 
    NOIC = 8.125e+07 
    EM = 4.1e+07 
    EF =   0.95 
    AF =      1 
    KF = 1.5e-27 
    TRS =      0 
    TRD =      0 
    TEMPMOD  =      1 
    LAMBDA   =      0 
    VTL      =  2e+05 m/s
    LC       =  5e-09 
    XN       =      3 
    LLAMBDA  =      0 
    LVTL     =      0 
    LXN      =      0 
    WLAMBDA  =      0 
    WVTL     =      0 
    WXN      =      0 
    PLAMBDA  =      0 
    PVTL     =      0 
    PXN      =      0 
    RNOIA    =  0.577 
    RNOIB    = 0.5164 
    SAREF(SA0) = 4.48e-07 m
    SBREF(SB0) = 4.48e-07 m
    WLOD     =      0 m
    KU0      =      0 1/m
    KVSAT    =      0 
    KVTH0    = 4.5e-10 m
    TKU0     =      0 
    LLODKU0  =      0 
    WLODKU0  =      0 
    LLODVTH  =      0 
    WLODVTH  =      0 
    LKU0     =      0 
    WKU0     =      0 
    PKU0     =      0 
    LKVTH0   =      0 
    WKVTH0   =      0 
    PKVTH0   =      0 
    STK2     =      0 
    LODK2    =      1 
    STETA0   =      0 
    LODETA0  =      1 
    LXRCRG1  =      0 
    WXRCRG1  =      0 
    PXRCRG1  =      0 
    LXRCRG2  =      0 
    WXRCRG2  =      0 
    PXRCRG2  =      0 
     *** UCB's BSIM4.4.0 new diode model is activated. ***
    *** UCB's Diode Model Parameters ***
    JTSS         =      0 
    JTSSWS       =  7e-11 
    JTSSWGS      =  1e-09 
    JTSD         =      0 
    JTSSWD       =  7e-11 
    JTSSWGD      =  1e-09 
    NJTS         =     60 
    NJTSSW       =     60 
    NJTSSWG      =    2.1 
    XTSS         =   0.02 
    XTSSWS       =   0.02 
    XTSSWGS      =   0.02 
    XTSD         =   0.02 
    XTSSWD       =   0.02 
    XTSSWGD      =   0.02 
    TNJTS        =      0 
    TNJTSSW      =      0 
    TNJTSSWG     =      0 
    VFBSDOFF     =      0 
    LVFBSDOFF    =      0 
    WVFBSDOFF    =      0 
    PVFBSDOFF    =      0 
    LINTNOI      =      0 
    VTSS         =     10 
    VTSD         =     10 
    VTSSWS       =     10 
    VTSSWD       =     10 
    VTSSWGS      =    0.9 
    VTSSWGD      =    0.9 
    TTDIOMOD     =      1 
     *** UCB's BSIM4.5.0 new model is activated. ***
    UD         =      0 
    UD1        =      0 
    UP         =   0.36 
    LP         = 3.094e-08 
    TVOFF      = 0.002063 
    TVFBSDOFF  =      0 
    RBPS0      =     50 
    RBPSL      =      0 
    RBPSW      =      0 
    RBPSNF     =      0 
    RBPD0      =     50 
    RBPDL      =      0 
    RBPDW      =      0 
    RBPDNF     =      0 
    RBPBX0     =    100 
    RBPBXL     =      0 
    RBPBXW     =      0 
    RBPBXNF    =      0 
    RBPBY0     =    100 
    RBPBYL     =      0 
    RBPBYW     =      0 
    RBPBYNF    =      0 
    RBSBX0     =    100 
    RBSBY0     =    100 
    RBDBX0     =    100 
    RBDBY0     =    100 
    RBSDBXL    =      0 
    RBSDBXW    =      0 
    RBSDBXNF   =      0 
    RBSDBYL    =      0 
    RBSDBYW    =      0 
    RBSDBYNF   =      0 
    LUD        =      0 
    LUD1       =      0 
    LUP        =      0 
    LLP        =      0 
    LTVOFF     =      0 
    LTVFBSDOFF =      0 
    WUD        =      0 
    WUD1       =      0 
    WUP        =      0 
    WLP        =      0 
    WTVOFF     =      0 
    WTVFBSDOFF =      0 
    PUD        =      0 
    PUD1       =      0 
    PUP        =      0 
    PLP        =      0 
    PTVOFF     =      0 
    PTVFBSDOFF =      0 
    WEB        = 7.5e+05 
    WEC        = -1e+05 
    KVTH0WE    = 1.156e-06 
    K2WE       =      0 
    KU0WE      =      0 
    SCREF      = 2.5e-06 
    WPEMOD     =      1 
    LKVTH0WE   =      0 
    LK2WE      =      0 
    LKU0WE     =      0 
    WKVTH0WE   =      0 
    WK2WE      =      0 
    WKU0WE     =      0 
    PKVTH0WE   =      0 
    PK2WE      =      0 
    PKU0WE     =      0 
 Model file: /afs/asu.edu/users/a/p/a/aparame2/425_lab/iPDK/hspice/saed32nm.lib
 Model line:         2403
 Model Name: p105  
 BSIM4 Model (Level 54)
    MOBMOD = 0
    BINUNIT = 1
    PARAMCHK = 0
    CAPMOD = 2
    DIOMOD = 1
    RDSMOD = 0
    TRNQSMOD = 0
    ACNQSMOD = 0
    RBODYMOD = 0
    RGATEMOD = 0
    PERMOD = 1
    GEOMOD = 0
    RGEOMOD = 0
    FNOIMOD = 1
    TNOIMOD = 0
    IGCMOD = 1
    IGBMOD = 1
    STIMOD = 1
    VBFWDMOD = 0
    VERSION =    4.5 
    TOXREF = 2.62e-09 
    TOXE = 2.62e-09 
    TOXP = 2.295e-09 
    TOXM = 2.62e-09 
    DTOX =      0 
    EPSROX =    3.9 
    CDSC = 0.1605 
    CDSCB =   0.03 
    CDSCD =      0 
    CIT =      0 
    NFACTOR =      1 
    XJ =  1e-07 
    VSAT = 7.58e+04 
    A0 =  4.509 
    AGS = 0.8198 
    A1 =      0 
    A2 =      1 
    AT =      0 
    KETA = 0.05365 
    NSUB =  6e+16 
    NDEP =  1e+17 
    NSD =  1e+20 
    NGATE = 2.452e+20 
    GAMMA1 =      0 
    GAMMA2 =      0 
    VBX =      0 
    VBM =     -3 
    XT = 1.55e-07 
    K1 = 0.4225 
    KT1 = -0.1673 
    KT1L = -5.206e-09 
    KT2 = -0.0214 
    K2 = -0.0358 
    K3 =  -0.15 
    K3B = 0.0348 
    LPE0 =  5e-08 
    LPEB = 3.777e-09 
    DVTP0 =  8e-07 
    DVTP1 =      0 
    W0 =      0 
    DVT0 =   15.2 
    DVT1 =   1.38 
    DVT2 = 0.0676 
    DVT0W = -0.001592 
    DVT1W =  1e+06 
    DVT2W =   0.25 
    DROUT =   0.56 
    DSUB = 0.3276 
    VTH0 = -0.2565 
    EU =      1 
    UA = 1.203e-15 
    UA1 = -0.0008414 
    UB = 1.67e-19 
    UB1 = 0.002181 
    UC = 2.853e-15 
    UC1 = -0.01207 
    U0 =  60.95 
    UTE = -0.9859 
    VOFF = -0.02239 
    VOFFL = -2.144e-09 
    MINV =  0.736 
    FPROUT =  300.8 
    PDITS =  0.676 
    PDITSD = 0.6156 
    PDITSL = 1.543e+06 
    DELTA =   0.01 
    RDSW =  390.9 
    RDSWMIN =      0 
    RDWMIN =      0 
    RSWMIN =      0 
    RDW =    100 
    RSW =    100 
    PRWG =      0 
    PRWB =      0 
    PRT = 0.0017 
    ETA0 =  0.155 
    ETAB = -0.0843 
    PCLM = 0.1352 
    PDIBLC1 =  1e-07 
    PDIBLC2 =  1e-05 
    PDIBLCB =      0 
    PSCBE1 =  5e+09 
    PSCBE2 =  5e-06 
    PVAG =      2 
    WR =      1 
    DWG =      0 
    DWB =      0 
    XW =      0 
    XWREF =      0 
    XL =  2e-09 
    XLREF =  2e-09 
    B0 =  2e-08 
    B1 =      0 
    ALPHA0 = 8.656e-12 
    ALPHA1 =      0 
    AGIDL = 4.612e-11 
    BGIDL = 6.495e+08 
    CGIDL =  21.15 
    PHIN =   -0.1 
    EGIDL = 0.2457 
    AIGC = 0.00766 
    BIGC = 0.0013 
    CIGC =   0.05 
    AIGSD = 0.00465 
    BIGSD = 0.0003 
    CIGSD = 0.008847 
    AIGBACC = 0.01242 
    BIGBACC = 0.002439 
    CIGBACC = -1.5e-10 
    AIGBINV = 0.01311 
    BIGBINV = 0.002519 
    CIGBINV = 0.0005126 
    NIGC =      3 
    NIGBINV =      1 
    NIGBACC =  8.977 
    NTOX =      1 
    EIGBINV = 1.726e-06 
    PIGCD =      1 
    POXEDGE =  1.404 
    XRCRG1 =     12 
    TNOIA =    1.5 
    TNOIB =    3.5 
    NTNOI =      1 
    XRCRG2 =      1 
    BETA0 =      6 
    IJTHDFWD =    0.1 
    IJTHSFWD =    0.1 
    IJTHDREV =    0.1 
    IJTHSREV =    0.1 
    XJBVD =      1 
    XJBVS =      1 
    BVD =     12 
    BVS =     12 
    VFB =     -1 
    GBMIN =  1e-12 
    RBDB =     50 
    RBPB =     50 
    RBSB =     50 
    RBPS =     50 
    RBPD =     50 
    CGSL = 6.5e-11 
    CGDL = 6.5e-11 
    CKAPPAS =   0.66 
    CKAPPAD =   0.66 
    CF =      0 
    CLC =      0 
    CLE =    0.6 
    DWC =      0 
    DLC = 7.256e-09 
    DLCIG = 5.462e-09 
    DWJ =      0 
    VFBCV =     -1 
    ACDE =  0.518 
    MOIN =     15 
    NOFF =  1.801 
    VOFFCV = 0.08105 
    DMCG =  7e-08 
    DMCI = 3.5e-08 
    DMDG =  6e-08 
    DMCGT =      0 
    XGW =  4e-08 
    XGL = -2e-09 
    RSHG =     11 
    NGCON =      1 
    TCJ = 0.001028 
    TPB = 0.001529 
    TCJSW = 0.001049 
    TPBSW = 0.0004987 
    TCJSWG = 0.0006756 
    TPBSWG = 0.0003417 
    SK0 =      0 
    SK1 =      0 
    SK2 =      0 
    SL =  2e-06 
    SW =  2e-06 
    K =      0 
    LNFACTOR = -0.007 
    LA0 =   0.22 
    LAGS = 0.3509 
    LNDEP = 7.826e+16 
    LUTE = 0.01626 
    LMINV = 0.03843 
    LETAB = 0.002324 
    LAIGC = -2e-05 
    LNOFF = 0.05048 
    LVOFFCV = -0.001943 
    WU0 =  2.292 
    PVSAT =    130 
    PETA0 = -0.0002 
    TNOM =  298.1 
    CGSO = 1.48e-10 
    CGDO = 1.48e-10 
    CGBO =      0 
    XPART =      0 
    RSH =      9 
    JSS = 8.942e-07 
    JSWS = 1.348e-13 
    JSWGS = 1.339e-13 
    PBS = 0.7283 
    MJS = 0.3521 
    PBSWS =   0.94 
    MJSWS = 0.1185 
    CJS = 0.001346 
    CJSWS = 6.5e-11 
    NJS =  1.098 
    PBSWGS = 0.7408 
    MJSWGS = 0.5345 
    CJSWGS = 2.99e-10 
    XTIS =      3 
    JSD = 8.942e-07 
    JSWD = 1.348e-13 
    JSWGD = 1.339e-13 
    PBD = 0.7283 
    MJD = 0.3521 
    PBSWD =   0.94 
    MJSWD = 0.1185 
    CJD = 0.001346 
    CJSWD = 6.5e-11 
    NJD =  1.098 
    PBSWGD = 0.7408 
    MJSWGD = 0.5345 
    CJSWGD = 2.99e-10 
    XTID =      3 
    LMLT =      1 
    WMLT =      1 
    LINT =      0 
    LL =      0 
    LLC =      0 
    LLN =      1 
    LW =      0 
    LWC =      0 
    LWN =      1 
    LWL =      0 
    LWLC =      0 
    LMIN =      0 
    LMAX =      1 
    WINT =      0 
    WL =      0 
    WLC =      0 
    WLN =      1 
    WW =      0 
    WWC =      0 
    WWN =      1 
    WWL =      0 
    WWLC =      0 
    WMIN =      0 
    WMAX =      1 
    NOIA = 8.203e+41 
    NOIB = 1.947e+22 
    NOIC = 3.282e+09 
    EM = 4.1e+07 
    EF =   1.04 
    AF =      1 
    KF =      0 
    TRS =      0 
    TRD =      0 
    TEMPMOD  =      1 
    LAMBDA   =      0 
    VTL      =  2e+05 m/s
    LC       =  5e-09 
    XN       =      3 
    LLAMBDA  =      0 
    LVTL     =      0 
    LXN      =      0 
    WLAMBDA  =      0 
    WVTL     =      0 
    WXN      =      0 
    PLAMBDA  =      0 
    PVTL     =      0 
    PXN      =      0 
    RNOIA    =  0.577 
    RNOIB    = 0.5164 
    SAREF(SA0) = 4.48e-07 m
    SBREF(SB0) = 4.48e-07 m
    WLOD     =      0 m
    KU0      = -2.75e-09 1/m
    KVSAT    =      0 
    KVTH0    = -1.115e-09 m
    TKU0     =      0 
    LLODKU0  =      0 
    WLODKU0  =      0 
    LLODVTH  =      0 
    WLODVTH  =      0 
    LKU0     =      0 
    WKU0     =      0 
    PKU0     =      0 
    LKVTH0   =      0 
    WKVTH0   =      0 
    PKVTH0   =      0 
    STK2     =      0 
    LODK2    =      1 
    STETA0   =      0 
    LODETA0  =      1 
    LXRCRG1  =      0 
    WXRCRG1  =      0 
    PXRCRG1  =      0 
    LXRCRG2  =      0 
    WXRCRG2  =      0 
    PXRCRG2  =      0 
     *** UCB's BSIM4.4.0 new diode model is activated. ***
    *** UCB's Diode Model Parameters ***
    JTSS         =  0.002 
    JTSSWS       =      0 
    JTSSWGS      = 3.8e-11 
    JTSD         =  0.002 
    JTSSWD       =      0 
    JTSSWGD      = 3.8e-11 
    NJTS         =     20 
    NJTSSW       =     20 
    NJTSSWG      =  1.695 
    XTSS         =   0.02 
    XTSSWS       =   0.02 
    XTSSWGS      = 0.08619 
    XTSD         =   0.02 
    XTSSWD       =   0.02 
    XTSSWGD      = 0.08619 
    TNJTS        =      0 
    TNJTSSW      =      0 
    TNJTSSWG     =   0.32 
    VFBSDOFF     =      0 
    LVFBSDOFF    =      0 
    WVFBSDOFF    =      0 
    PVFBSDOFF    =      0 
    LINTNOI      =      0 
    VTSS         =     10 
    VTSD         =     10 
    VTSSWS       =     10 
    VTSSWD       =     10 
    VTSSWGS      = 0.9376 
    VTSSWGD      = 0.9376 
    TTDIOMOD     =      1 
     *** UCB's BSIM4.5.0 new model is activated. ***
    UD         =      0 
    UD1        =      0 
    UP         =  -0.45 
    LP         =  6e-08 
    TVOFF      = 0.01744 
    TVFBSDOFF  =      0 
    RBPS0      =     50 
    RBPSL      =      0 
    RBPSW      =      0 
    RBPSNF     =      0 
    RBPD0      =     50 
    RBPDL      =      0 
    RBPDW      =      0 
    RBPDNF     =      0 
    RBPBX0     =    100 
    RBPBXL     =      0 
    RBPBXW     =      0 
    RBPBXNF    =      0 
    RBPBY0     =    100 
    RBPBYL     =      0 
    RBPBYW     =      0 
    RBPBYNF    =      0 
    RBSBX0     =    100 
    RBSBY0     =    100 
    RBDBX0     =    100 
    RBDBY0     =    100 
    RBSDBXL    =      0 
    RBSDBXW    =      0 
    RBSDBXNF   =      0 
    RBSDBYL    =      0 
    RBSDBYW    =      0 
    RBSDBYNF   =      0 
    LUD        =      0 
    LUD1       =      0 
    LUP        =      0 
    LLP        =      0 
    LTVOFF     =      0 
    LTVFBSDOFF =      0 
    WUD        =      0 
    WUD1       =      0 
    WUP        =      0 
    WLP        =      0 
    WTVOFF     =      0 
    WTVFBSDOFF =      0 
    PUD        =      0 
    PUD1       =      0 
    PUP        =      0 
    PLP        =      0 
    PTVOFF     =      0 
    PTVFBSDOFF =      0 
    WEB        = 6.7e+05 
    WEC        = -7e+05 
    KVTH0WE    = -1e-06 
    K2WE       =      0 
    KU0WE      =      0 
    SCREF      = 2.5e-06 
    WPEMOD     =      1 
    LKVTH0WE   =      0 
    LK2WE      =      0 
    LKU0WE     =      0 
    WKVTH0WE   =      0 
    WK2WE      =      0 
    WKU0WE     =      0 
    PKVTH0WE   =      0 
    PK2WE      =      0 
    PKU0WE     =      0 
 Model file: /afs/asu.edu/users/a/p/a/aparame2/425_lab/iPDK/hspice/saed32nm.lib
 Model line:         2403
 Model Name: p105  
 BSIM4 Model (Level 54)
    MOBMOD = 0
    BINUNIT = 1
    PARAMCHK = 0
    CAPMOD = 2
    DIOMOD = 1
    RDSMOD = 0
    TRNQSMOD = 0
    ACNQSMOD = 0
    RBODYMOD = 0
    RGATEMOD = 0
    PERMOD = 1
    GEOMOD = 0
    RGEOMOD = 0
    FNOIMOD = 1
    TNOIMOD = 0
    IGCMOD = 1
    IGBMOD = 1
    STIMOD = 1
    VBFWDMOD = 0
    VERSION =    4.5 
    TOXREF = 2.62e-09 
    TOXE = 2.62e-09 
    TOXP = 2.295e-09 
    TOXM = 2.62e-09 
    DTOX =      0 
    EPSROX =    3.9 
    CDSC = 0.1605 
    CDSCB =   0.03 
    CDSCD =      0 
    CIT =      0 
    NFACTOR =      1 
    XJ =  1e-07 
    VSAT = 7.58e+04 
    A0 =  4.509 
    AGS = 0.8198 
    A1 =      0 
    A2 =      1 
    AT =      0 
    KETA = 0.05365 
    NSUB =  6e+16 
    NDEP =  1e+17 
    NSD =  1e+20 
    NGATE = 2.452e+20 
    GAMMA1 =      0 
    GAMMA2 =      0 
    VBX =      0 
    VBM =     -3 
    XT = 1.55e-07 
    K1 = 0.4225 
    KT1 = -0.1673 
    KT1L = -5.206e-09 
    KT2 = -0.0214 
    K2 = -0.0358 
    K3 =  -0.15 
    K3B = 0.0348 
    LPE0 =  5e-08 
    LPEB = 3.777e-09 
    DVTP0 =  8e-07 
    DVTP1 =      0 
    W0 =      0 
    DVT0 =   15.2 
    DVT1 =   1.38 
    DVT2 = 0.0676 
    DVT0W = -0.001592 
    DVT1W =  1e+06 
    DVT2W =   0.25 
    DROUT =   0.56 
    DSUB = 0.3276 
    VTH0 = -0.2565 
    EU =      1 
    UA = 1.203e-15 
    UA1 = -0.0008414 
    UB = 1.67e-19 
    UB1 = 0.002181 
    UC = 2.853e-15 
    UC1 = -0.01207 
    U0 =  60.95 
    UTE = -0.9859 
    VOFF = -0.02239 
    VOFFL = -2.144e-09 
    MINV =  0.736 
    FPROUT =  300.8 
    PDITS =  0.676 
    PDITSD = 0.6156 
    PDITSL = 1.543e+06 
    DELTA =   0.01 
    RDSW =  390.9 
    RDSWMIN =      0 
    RDWMIN =      0 
    RSWMIN =      0 
    RDW =    100 
    RSW =    100 
    PRWG =      0 
    PRWB =      0 
    PRT = 0.0017 
    ETA0 =  0.155 
    ETAB = -0.0843 
    PCLM = 0.1352 
    PDIBLC1 =  1e-07 
    PDIBLC2 =  1e-05 
    PDIBLCB =      0 
    PSCBE1 =  5e+09 
    PSCBE2 =  5e-06 
    PVAG =      2 
    WR =      1 
    DWG =      0 
    DWB =      0 
    XW =      0 
    XWREF =      0 
    XL =  2e-09 
    XLREF =  2e-09 
    B0 =  2e-08 
    B1 =      0 
    ALPHA0 = 8.656e-12 
    ALPHA1 =      0 
    AGIDL = 4.612e-11 
    BGIDL = 6.495e+08 
    CGIDL =  21.15 
    PHIN =   -0.1 
    EGIDL = 0.2457 
    AIGC = 0.00766 
    BIGC = 0.0013 
    CIGC =   0.05 
    AIGSD = 0.00465 
    BIGSD = 0.0003 
    CIGSD = 0.008847 
    AIGBACC = 0.01242 
    BIGBACC = 0.002439 
    CIGBACC = -1.5e-10 
    AIGBINV = 0.01311 
    BIGBINV = 0.002519 
    CIGBINV = 0.0005126 
    NIGC =      3 
    NIGBINV =      1 
    NIGBACC =  8.977 
    NTOX =      1 
    EIGBINV = 1.726e-06 
    PIGCD =      1 
    POXEDGE =  1.404 
    XRCRG1 =     12 
    TNOIA =    1.5 
    TNOIB =    3.5 
    NTNOI =      1 
    XRCRG2 =      1 
    BETA0 =      6 
    IJTHDFWD =    0.1 
    IJTHSFWD =    0.1 
    IJTHDREV =    0.1 
    IJTHSREV =    0.1 
    XJBVD =      1 
    XJBVS =      1 
    BVD =     12 
    BVS =     12 
    VFB =     -1 
    GBMIN =  1e-12 
    RBDB =     50 
    RBPB =     50 
    RBSB =     50 
    RBPS =     50 
    RBPD =     50 
    CGSL = 6.5e-11 
    CGDL = 6.5e-11 
    CKAPPAS =   0.66 
    CKAPPAD =   0.66 
    CF =      0 
    CLC =      0 
    CLE =    0.6 
    DWC =      0 
    DLC = 7.256e-09 
    DLCIG = 5.462e-09 
    DWJ =      0 
    VFBCV =     -1 
    ACDE =  0.518 
    MOIN =     15 
    NOFF =  1.801 
    VOFFCV = 0.08105 
    DMCG =  7e-08 
    DMCI = 3.5e-08 
    DMDG =  6e-08 
    DMCGT =      0 
    XGW =  4e-08 
    XGL = -2e-09 
    RSHG =     11 
    NGCON =      1 
    TCJ = 0.001028 
    TPB = 0.001529 
    TCJSW = 0.001049 
    TPBSW = 0.0004987 
    TCJSWG = 0.0006756 
    TPBSWG = 0.0003417 
    SK0 =      0 
    SK1 =      0 
    SK2 =      0 
    SL =  2e-06 
    SW =  2e-06 
    K =      0 
    LNFACTOR = -0.007 
    LA0 =   0.22 
    LAGS = 0.3509 
    LNDEP = 7.826e+16 
    LUTE = 0.01626 
    LMINV = 0.03843 
    LETAB = 0.002324 
    LAIGC = -2e-05 
    LNOFF = 0.05048 
    LVOFFCV = -0.001943 
    WU0 =  2.292 
    PVSAT =    130 
    PETA0 = -0.0002 
    TNOM =  298.1 
    CGSO = 1.48e-10 
    CGDO = 1.48e-10 
    CGBO =      0 
    XPART =      0 
    RSH =      9 
    JSS = 8.942e-07 
    JSWS = 1.348e-13 
    JSWGS = 1.339e-13 
    PBS = 0.7283 
    MJS = 0.3521 
    PBSWS =   0.94 
    MJSWS = 0.1185 
    CJS = 0.001346 
    CJSWS = 6.5e-11 
    NJS =  1.098 
    PBSWGS = 0.7408 
    MJSWGS = 0.5345 
    CJSWGS = 2.99e-10 
    XTIS =      3 
    JSD = 8.942e-07 
    JSWD = 1.348e-13 
    JSWGD = 1.339e-13 
    PBD = 0.7283 
    MJD = 0.3521 
    PBSWD =   0.94 
    MJSWD = 0.1185 
    CJD = 0.001346 
    CJSWD = 6.5e-11 
    NJD =  1.098 
    PBSWGD = 0.7408 
    MJSWGD = 0.5345 
    CJSWGD = 2.99e-10 
    XTID =      3 
    LMLT =      1 
    WMLT =      1 
    LINT =      0 
    LL =      0 
    LLC =      0 
    LLN =      1 
    LW =      0 
    LWC =      0 
    LWN =      1 
    LWL =      0 
    LWLC =      0 
    LMIN =      0 
    LMAX =      1 
    WINT =      0 
    WL =      0 
    WLC =      0 
    WLN =      1 
    WW =      0 
    WWC =      0 
    WWN =      1 
    WWL =      0 
    WWLC =      0 
    WMIN =      0 
    WMAX =      1 
    NOIA = 8.203e+41 
    NOIB = 1.947e+22 
    NOIC = 3.282e+09 
    EM = 4.1e+07 
    EF =   1.04 
    AF =      1 
    KF =      0 
    TRS =      0 
    TRD =      0 
    TEMPMOD  =      1 
    LAMBDA   =      0 
    VTL      =  2e+05 m/s
    LC       =  5e-09 
    XN       =      3 
    LLAMBDA  =      0 
    LVTL     =      0 
    LXN      =      0 
    WLAMBDA  =      0 
    WVTL     =      0 
    WXN      =      0 
    PLAMBDA  =      0 
    PVTL     =      0 
    PXN      =      0 
    RNOIA    =  0.577 
    RNOIB    = 0.5164 
    SAREF(SA0) = 4.48e-07 m
    SBREF(SB0) = 4.48e-07 m
    WLOD     =      0 m
    KU0      = -2.75e-09 1/m
    KVSAT    =      0 
    KVTH0    = -1.115e-09 m
    TKU0     =      0 
    LLODKU0  =      0 
    WLODKU0  =      0 
    LLODVTH  =      0 
    WLODVTH  =      0 
    LKU0     =      0 
    WKU0     =      0 
    PKU0     =      0 
    LKVTH0   =      0 
    WKVTH0   =      0 
    PKVTH0   =      0 
    STK2     =      0 
    LODK2    =      1 
    STETA0   =      0 
    LODETA0  =      1 
    LXRCRG1  =      0 
    WXRCRG1  =      0 
    PXRCRG1  =      0 
    LXRCRG2  =      0 
    WXRCRG2  =      0 
    PXRCRG2  =      0 
     *** UCB's BSIM4.4.0 new diode model is activated. ***
    *** UCB's Diode Model Parameters ***
    JTSS         =  0.002 
    JTSSWS       =      0 
    JTSSWGS      = 3.8e-11 
    JTSD         =  0.002 
    JTSSWD       =      0 
    JTSSWGD      = 3.8e-11 
    NJTS         =     20 
    NJTSSW       =     20 
    NJTSSWG      =  1.695 
    XTSS         =   0.02 
    XTSSWS       =   0.02 
    XTSSWGS      = 0.08619 
    XTSD         =   0.02 
    XTSSWD       =   0.02 
    XTSSWGD      = 0.08619 
    TNJTS        =      0 
    TNJTSSW      =      0 
    TNJTSSWG     =   0.32 
    VFBSDOFF     =      0 
    LVFBSDOFF    =      0 
    WVFBSDOFF    =      0 
    PVFBSDOFF    =      0 
    LINTNOI      =      0 
    VTSS         =     10 
    VTSD         =     10 
    VTSSWS       =     10 
    VTSSWD       =     10 
    VTSSWGS      = 0.9376 
    VTSSWGD      = 0.9376 
    TTDIOMOD     =      1 
     *** UCB's BSIM4.5.0 new model is activated. ***
    UD         =      0 
    UD1        =      0 
    UP         =  -0.45 
    LP         =  6e-08 
    TVOFF      = 0.01744 
    TVFBSDOFF  =      0 
    RBPS0      =     50 
    RBPSL      =      0 
    RBPSW      =      0 
    RBPSNF     =      0 
    RBPD0      =     50 
    RBPDL      =      0 
    RBPDW      =      0 
    RBPDNF     =      0 
    RBPBX0     =    100 
    RBPBXL     =      0 
    RBPBXW     =      0 
    RBPBXNF    =      0 
    RBPBY0     =    100 
    RBPBYL     =      0 
    RBPBYW     =      0 
    RBPBYNF    =      0 
    RBSBX0     =    100 
    RBSBY0     =    100 
    RBDBX0     =    100 
    RBDBY0     =    100 
    RBSDBXL    =      0 
    RBSDBXW    =      0 
    RBSDBXNF   =      0 
    RBSDBYL    =      0 
    RBSDBYW    =      0 
    RBSDBYNF   =      0 
    LUD        =      0 
    LUD1       =      0 
    LUP        =      0 
    LLP        =      0 
    LTVOFF     =      0 
    LTVFBSDOFF =      0 
    WUD        =      0 
    WUD1       =      0 
    WUP        =      0 
    WLP        =      0 
    WTVOFF     =      0 
    WTVFBSDOFF =      0 
    PUD        =      0 
    PUD1       =      0 
    PUP        =      0 
    PLP        =      0 
    PTVOFF     =      0 
    PTVFBSDOFF =      0 
    WEB        = 6.7e+05 
    WEC        = -7e+05 
    KVTH0WE    = -1e-06 
    K2WE       =      0 
    KU0WE      =      0 
    SCREF      = 2.5e-06 
    WPEMOD     =      1 
    LKVTH0WE   =      0 
    LK2WE      =      0 
    LKU0WE     =      0 
    WKVTH0WE   =      0 
    WK2WE      =      0 
    WKU0WE     =      0 
    PKVTH0WE   =      0 
    PK2WE      =      0 
    PKU0WE     =      0 
 Model file: /afs/asu.edu/users/a/p/a/aparame2/425_lab/iPDK/hspice/saed32nm.lib
 Model line:         2265
 Model Name: n105  
 BSIM4 Model (Level 54)
    MOBMOD = 0
    BINUNIT = 1
    PARAMCHK = 0
    CAPMOD = 2
    DIOMOD = 1
    RDSMOD = 0
    TRNQSMOD = 0
    ACNQSMOD = 0
    RBODYMOD = 0
    RGATEMOD = 0
    PERMOD = 1
    GEOMOD = 0
    RGEOMOD = 0
    FNOIMOD = 1
    TNOIMOD = 0
    IGCMOD = 1
    IGBMOD = 1
    STIMOD = 1
    VBFWDMOD = 0
    VERSION =    4.5 
    TOXREF = 2.39e-09 
    TOXE = 2.39e-09 
    TOXP = 2.221e-09 
    TOXM = 2.39e-09 
    DTOX =      0 
    EPSROX =    3.9 
    CDSC =      0 
    CDSCB = -0.03563 
    CDSCD =      0 
    CIT =  0.001 
    NFACTOR =      1 
    XJ =  1e-07 
    VSAT = 2.66e+05 
    A0 =    1.4 
    AGS =   0.06 
    A1 =      0 
    A2 =    0.5 
    AT = 0.0008 
    KETA =      0 
    NSUB =  6e+16 
    NDEP = 1.5e+17 
    NSD =  1e+20 
    NGATE =  1e+23 
    GAMMA1 =      0 
    GAMMA2 =      0 
    VBX =      0 
    VBM =     -3 
    XT = 1.55e-07 
    K1 =    0.4 
    KT1 = -0.1551 
    KT1L = 7.2e-10 
    KT2 = -0.03695 
    K2 = -0.05016 
    K3 =  -3.98 
    K3B =    0.2 
    LPE0 =  2e-09 
    LPEB = 1.5e-08 
    DVTP0 = 1.3e-06 
    DVTP1 =    2.5 
    W0 = 1.658e-08 
    DVT0 =  28.16 
    DVT1 = 0.7992 
    DVT2 = 0.07028 
    DVT0W = -0.02048 
    DVT1W = 6.893e+05 
    DVT2W =  0.075 
    DROUT =  1.817 
    DSUB = 0.5135 
    VTH0 = 0.4422 
    EU =   1.67 
    UA = 4.802e-12 
    UA1 = 0.0811 
    UB = 2.661e-18 
    UB1 = -0.001228 
    UC = 1.378e-10 
    UC1 = -5.6e-11 
    U0 =   30.4 
    UTE =  -1.46 
    VOFF = -0.2037 
    VOFFL = -8.217e-10 
    MINV = -0.3614 
    FPROUT =    150 
    PDITS = 0.4942 
    PDITSD = 0.9771 
    PDITSL = 3.563e+05 
    DELTA =   0.01 
    RDSW =  340.5 
    RDSWMIN =      0 
    RDWMIN =    180 
    RSWMIN =    180 
    RDW =    100 
    RSW =    100 
    PRWG =      0 
    PRWB =      0 
    PRT = 0.005951 
    ETA0 = 0.5807 
    ETAB = -0.2873 
    PCLM =  1e-10 
    PDIBLC1 = 0.07778 
    PDIBLC2 = 0.001118 
    PDIBLCB =  -0.62 
    PSCBE1 =  5e+09 
    PSCBE2 =  5e-06 
    PVAG =      0 
    WR =      1 
    DWG =      0 
    DWB =      0 
    XW =      0 
    XWREF =      0 
    XL =  2e-09 
    XLREF =  2e-09 
    B0 =      0 
    B1 =      1 
    ALPHA0 =  4e-12 
    ALPHA1 =      0 
    AGIDL = 9.069e-10 
    BGIDL = 1.305e+09 
    CGIDL =  7.202 
    PHIN =   0.15 
    EGIDL = 0.1265 
    AIGC = 0.01132 
    BIGC = 0.001217 
    CIGC = 0.0009984 
    AIGSD = 0.008722 
    BIGSD = 0.000717 
    CIGSD = 0.007319 
    AIGBACC = 0.01301 
    BIGBACC = 0.002586 
    CIGBACC = 0.005625 
    AIGBINV = 0.01131 
    BIGBINV = 0.0012 
    CIGBINV = 0.001479 
    NIGC =      3 
    NIGBINV =      3 
    NIGBACC =  5.665 
    NTOX =      1 
    EIGBINV =    1.1 
    PIGCD =      1 
    POXEDGE =    1.3 
    XRCRG1 =     12 
    TNOIA =    1.5 
    TNOIB =    3.5 
    NTNOI =      1 
    XRCRG2 =      1 
    BETA0 =    2.8 
    IJTHDFWD =    0.1 
    IJTHSFWD =    0.1 
    IJTHDREV =    0.1 
    IJTHSREV =    0.1 
    XJBVD =      1 
    XJBVS =      1 
    BVD =     12 
    BVS =     12 
    VFB =     -1 
    GBMIN =  1e-12 
    RBDB =     50 
    RBPB =     50 
    RBSB =     50 
    RBPS =     50 
    RBPD =     50 
    CGSL = 1.444e-10 
    CGDL = 1.444e-10 
    CKAPPAS =  3.844 
    CKAPPAD =  3.844 
    CF =      0 
    CLC =      0 
    CLE =    0.6 
    DWC =      0 
    DLC = 6.9e-09 
    DLCIG =  5e-09 
    DWJ =      0 
    VFBCV =      0 
    ACDE =    0.4 
    MOIN =     15 
    NOFF =  2.077 
    VOFFCV = -0.1548 
    DMCG =  7e-08 
    DMCI = 3.5e-08 
    DMDG =  6e-08 
    DMCGT =      0 
    XGW =  4e-08 
    XGL = -2e-09 
    RSHG =     11 
    NGCON =      1 
    TCJ = 0.0006762 
    TPB = 0.001244 
    TCJSW = 0.0006257 
    TPBSW = 0.0006601 
    TCJSWG =      0 
    TPBSWG = 0.002441 
    SK0 =      0 
    SK1 =      0 
    SK2 =      0 
    SL =  2e-06 
    SW =  2e-06 
    K =      0 
    LVSAT =  -2400 
    LA0 =   -0.2 
    LAGS =  0.136 
    LNDEP = 1.972e+17 
    LK3 = -0.03844 
    LLPE0 =  3e-09 
    LDVT0 =    1.8 
    LU0 =  4.488 
    LUTE = 0.05646 
    LMINV = -0.0075 
    LETAB = 0.004725 
    LAIGC = -1e-05 
    LNOFF =   0.04 
    WVSAT =   2000 
    WDSUB =  0.008 
    WVOFF =  0.006 
    TNOM =  298.1 
    CGSO = 9.626e-11 
    CGDO = 9.626e-11 
    CGBO =  1e-12 
    XPART =      0 
    RSH =     12 
    JSS = 1.897e-07 
    JSWS = 3.693e-14 
    JSWGS = 1.15e-13 
    PBS =  0.831 
    MJS = 0.3945 
    PBSWS = 0.5281 
    MJSWS = 0.3549 
    CJS = 0.001346 
    CJSWS = 8.25e-11 
    NJS =  1.022 
    PBSWGS =  1.503 
    MJSWGS = 0.9212 
    CJSWGS = 3.04e-10 
    XTIS =      3 
    JSD = 1.897e-07 
    JSWD = 3.693e-14 
    JSWGD = 1.15e-13 
    PBD =  0.831 
    MJD = 0.3945 
    PBSWD = 0.9633 
    MJSWD = 0.3549 
    CJD = 0.001346 
    CJSWD = 8.25e-11 
    NJD =  1.022 
    PBSWGD =  1.503 
    MJSWGD = 0.9212 
    CJSWGD = 3.04e-10 
    XTID =      3 
    LMLT =      1 
    WMLT =      1 
    LINT =      0 
    LL =      0 
    LLC =      0 
    LLN =      1 
    LW =      0 
    LWC =      0 
    LWN =      1 
    LWL =      0 
    LWLC =      0 
    LMIN =      0 
    LMAX =      1 
    WINT =      0 
    WL =      0 
    WLC =      0 
    WLN =      1 
    WW =      0 
    WWC =      0 
    WWN =      1 
    WWL =      0 
    WWLC =      0 
    WMIN =      0 
    WMAX =      1 
    NOIA = 3.344e+41 
    NOIB = 2.95e+22 
    NOIC = 8.125e+07 
    EM = 4.1e+07 
    EF =   0.95 
    AF =      1 
    KF = 1.5e-27 
    TRS =      0 
    TRD =      0 
    TEMPMOD  =      1 
    LAMBDA   =      0 
    VTL      =  2e+05 m/s
    LC       =  5e-09 
    XN       =      3 
    LLAMBDA  =      0 
    LVTL     =      0 
    LXN      =      0 
    WLAMBDA  =      0 
    WVTL     =      0 
    WXN      =      0 
    PLAMBDA  =      0 
    PVTL     =      0 
    PXN      =      0 
    RNOIA    =  0.577 
    RNOIB    = 0.5164 
    SAREF(SA0) = 4.48e-07 m
    SBREF(SB0) = 4.48e-07 m
    WLOD     =      0 m
    KU0      =      0 1/m
    KVSAT    =      0 
    KVTH0    = 4.5e-10 m
    TKU0     =      0 
    LLODKU0  =      0 
    WLODKU0  =      0 
    LLODVTH  =      0 
    WLODVTH  =      0 
    LKU0     =      0 
    WKU0     =      0 
    PKU0     =      0 
    LKVTH0   =      0 
    WKVTH0   =      0 
    PKVTH0   =      0 
    STK2     =      0 
    LODK2    =      1 
    STETA0   =      0 
    LODETA0  =      1 
    LXRCRG1  =      0 
    WXRCRG1  =      0 
    PXRCRG1  =      0 
    LXRCRG2  =      0 
    WXRCRG2  =      0 
    PXRCRG2  =      0 
     *** UCB's BSIM4.4.0 new diode model is activated. ***
    *** UCB's Diode Model Parameters ***
    JTSS         =      0 
    JTSSWS       =  7e-11 
    JTSSWGS      =  1e-09 
    JTSD         =      0 
    JTSSWD       =  7e-11 
    JTSSWGD      =  1e-09 
    NJTS         =     60 
    NJTSSW       =     60 
    NJTSSWG      =    2.1 
    XTSS         =   0.02 
    XTSSWS       =   0.02 
    XTSSWGS      =   0.02 
    XTSD         =   0.02 
    XTSSWD       =   0.02 
    XTSSWGD      =   0.02 
    TNJTS        =      0 
    TNJTSSW      =      0 
    TNJTSSWG     =      0 
    VFBSDOFF     =      0 
    LVFBSDOFF    =      0 
    WVFBSDOFF    =      0 
    PVFBSDOFF    =      0 
    LINTNOI      =      0 
    VTSS         =     10 
    VTSD         =     10 
    VTSSWS       =     10 
    VTSSWD       =     10 
    VTSSWGS      =    0.9 
    VTSSWGD      =    0.9 
    TTDIOMOD     =      1 
     *** UCB's BSIM4.5.0 new model is activated. ***
    UD         =      0 
    UD1        =      0 
    UP         =   0.36 
    LP         = 3.094e-08 
    TVOFF      = 0.002063 
    TVFBSDOFF  =      0 
    RBPS0      =     50 
    RBPSL      =      0 
    RBPSW      =      0 
    RBPSNF     =      0 
    RBPD0      =     50 
    RBPDL      =      0 
    RBPDW      =      0 
    RBPDNF     =      0 
    RBPBX0     =    100 
    RBPBXL     =      0 
    RBPBXW     =      0 
    RBPBXNF    =      0 
    RBPBY0     =    100 
    RBPBYL     =      0 
    RBPBYW     =      0 
    RBPBYNF    =      0 
    RBSBX0     =    100 
    RBSBY0     =    100 
    RBDBX0     =    100 
    RBDBY0     =    100 
    RBSDBXL    =      0 
    RBSDBXW    =      0 
    RBSDBXNF   =      0 
    RBSDBYL    =      0 
    RBSDBYW    =      0 
    RBSDBYNF   =      0 
    LUD        =      0 
    LUD1       =      0 
    LUP        =      0 
    LLP        =      0 
    LTVOFF     =      0 
    LTVFBSDOFF =      0 
    WUD        =      0 
    WUD1       =      0 
    WUP        =      0 
    WLP        =      0 
    WTVOFF     =      0 
    WTVFBSDOFF =      0 
    PUD        =      0 
    PUD1       =      0 
    PUP        =      0 
    PLP        =      0 
    PTVOFF     =      0 
    PTVFBSDOFF =      0 
    WEB        = 7.5e+05 
    WEC        = -1e+05 
    KVTH0WE    = 9.371e-07 
    K2WE       =      0 
    KU0WE      =      0 
    SCREF      = 2.5e-06 
    WPEMOD     =      1 
    LKVTH0WE   =      0 
    LK2WE      =      0 
    LKU0WE     =      0 
    WKVTH0WE   =      0 
    WK2WE      =      0 
    WKU0WE     =      0 
    PKVTH0WE   =      0 
    PK2WE      =      0 
    PKU0WE     =      0 
  **info** (onbit_tb.sp:25) DC voltage reset to initial transient source value              in source        0:va                  new dc=  0.0000D+00
  **warning** (onbit_tb.sp:18) Both nodes of element vgnd! are connected together; Line ignored.
  **warning** (onbit_tb.sp:29) Unable to find referenced node co; Output variable ignored. Specify a valid node.
  

  **warning** the following singular supplies were terminated to 1 meg resistor 
          supply       node1            node2
(onbit_tb.sp:19)vvdd!                   0:vdd!             defined in subckt 0                     0:0                defined in subckt 0               
             
 Warning:'No DC path nodes' occurs 14 times
 No DC path from the following nodes,connected with gdcpath:
 -----------------------
 |Node      |Subckt    |
 |----------+----------|
 |x1.6      |onbit     |
 |x1.7      |onbit     |
 |x1.8      |onbit     |
 |x1.9      |onbit     |
 |x1.10     |onbit     |
 |x1.11     |onbit     |
 |x1.12     |onbit     |
 |x1.13     |onbit     |
 |x1.14     |onbit     |
 |x1.15     |onbit     |
 -----------------------
              
             
 Warning:'1 connection nodes' occurs 60 times
 Summary of 1 connection from the following nodes:
 -----------------------
 |Node      |Subckt    |
 |----------+----------|
 |x1.24     |onbit     |
 |x1.25     |onbit     |
 |x1.26     |onbit     |
 |x1.27     |onbit     |
 |x1.29     |onbit     |
 |x1.31     |onbit     |
 |x1.33     |onbit     |
 |x1.35     |onbit     |
 |x1.37     |onbit     |
 |x1.39     |onbit     |
 -----------------------
              
      
 *****************************************************************
 ******  option summary
 ******
 runlvl  = 3         bypass  = 2         
  Opening plot unit= 15
 file=onbit_tb.pa0

 **info** dc convergence successful at Newton-Raphson method 
1****** HSPICE -- K-2015.06-2 linux64 (Jun 25 2015) ******                      
 ******  
 .temp25

 ****** operating point information tnom=  25.000 temp=  25.000 ******
 ****** operating point status is voltage   simulation time is     0.     
     node    =voltage       node    =voltage       node    =voltage

 + 0:a       =   0.       0:b       =   0.       0:ci      =   0.     
 + 0:coutbar = 629.4796p  0:sumbar  = 588.7276p  0:vcc!    =   1.0159n
 + 0:vdd!    =   1.0500   1:6       =   0.       1:7       =   0.     
 + 1:8       =   0.       1:9       =   0.       1:10      =   0.     
 + 1:11      =   0.       1:12      =   0.       1:13      =   0.     
 + 1:14      =   0.       1:15      =   0.       1:16      =   0.     
 + 1:17      =   0.       1:18      =   1.0159n  1:19      =  19.5676a
 + 1:20      = 629.4796p  1:21      = 629.4796p  1:22      = 629.4796p
 + 1:23      = 629.4796p  1:24      = 158.6690p  1:25      = 476.1355p
 + 1:26      =   0.       1:27      =-192.7474a  1:28      = 629.4796p
 + 1:29      =  -2.9981a  1:30      = 629.4796p  1:31      =   0.     
 + 1:32      = 629.4796p  1:33      =   0.       1:34      = 629.4796p
 + 1:35      =-334.1261a  1:36      = 629.4796p  1:37      = 476.1351p
 + 1:38      = 629.4796p  1:39      =-262.0025a  1:40      = 629.4796p
 + 1:41      = 942.6487p  1:42      =   0.       1:43      = 476.1355p
 + 1:44      = 476.1355p  1:45      = 476.1355p  1:46      = 476.1353p
 + 1:47      = 476.1353p  1:48      =   1.0395n  1:49      =-191.8237a
 + 1:50      =   0.       1:52      =-262.9267a  1:53      =-333.2029a
 + 1:54      = 6.823e-19  1:55      =   1.0159n  1:56      =   1.6752a
 + 1:58      =   1.9841a  1:60      =   2.1384a  1:61      =   2.1384a
 + 1:62      =   1.0159n  1:63      =-261.1633a  1:64      =   1.0159n
 + 1:65      =-190.8629a  1:66      =   1.0159n  1:67      =-191.0939a
 + 1:68      =   1.0159n  1:69      = 683.8345p  1:70      =   0.     
 + 1:71      =  -2.0372a  1:72      = 476.1355p  1:73      = 476.1355p
 + 1:74      =  -2.0980a  1:75      = 476.1355p  1:76      =   0.     
 + 1:78      = 476.1352p  1:80      = 942.6487p  1:81      = 158.6690p
 + 1:82      = 942.6487p  1:83      = 158.6690p  1:84      = 158.6690p
 + 1:86      = 158.6690p  1:87      =  12.8904a  1:88      = 942.6487p
 + 1:90      = 942.6487p  1:91      =   0.       1:92      =-1.186e-19
 + 1:93      =-1.186e-19  1:94      =-123.2651a  1:95      =-123.2644a
 + 1:98      = 158.6690p  1:100     =   1.0159n  1:102     = 476.1355p
 + 1:103     = 476.1355p  1:104     = 476.1355p  1:105     = 476.1355p
 + 1:107     = 476.1355p  1:108     = 683.8347p  1:109     = 476.1355p
 + 1:111     = 476.1355p  1:112     =   0.       1:113     =-9.669e-19
 + 1:114     =-9.669e-19  1:115     =-124.1134a  1:116     =-124.1120a
 + 1:119     = 170.9128p  1:121     =   1.0159n  1:123     = 158.6690p
 + 1:124     =   0.       1:125     = 942.6487p  1:126     = 170.9128p
 + 1:127     = 942.6487p  1:128     =   0.       1:129     =-4.439e-19
 + 1:130     =-4.439e-19  1:131     =-123.5910a  1:132     =-123.5903a
 + 1:137     =   1.0159n  1:139     =   9.1268a  1:140     =   1.0159n
 + 1:141     =   9.5848a  1:143     =   9.7018a  1:145     =   1.0159n
 + 1:147     =   1.0159n  1:148     =   1.0159n  1:149     =-2.128e-19
 + 1:150     =-123.3600a  1:151     =-123.3595a  1:156     =   0.     
 + 1:158     = 158.6690p  1:159     = 942.6487p  1:160     = 158.6690p
 + 1:162     = 158.6690p  1:164     = 942.6487p  1:166     = 942.6487p
 + 1:167     =   1.0159n  1:168     =-2.737e-19  1:169     =-123.4208a
 + 1:170     =-123.4205a  1:175     =   0.       1:177     =  12.4054a
 + 1:178     =   1.0159n  1:179     =  12.7922a  1:181     =  12.8904a
 + 1:183     =   1.0159n  1:185     =   1.0159n  1:186     =  19.5766a
 + 1:187     =  -2.0737a  1:188     =-125.2208a  1:189     =-125.2206a
 + 1:196     = 170.9128p  1:197     =   1.0395n  1:198     = 942.6487p
 + 1:199     = 170.9128p  1:200     =   1.0395n  1:201     = 170.9128p
 + 1:203     = 170.9128p  1:205     =   1.0395n  1:207     =   1.0395n
 + 1:209     =  -1.1737a  1:210     =-124.3208a  1:211     =-124.3203a
 + 1:218     =  14.9673a  1:219     =   1.0159n  1:220     =  15.3598a
 + 1:222     =  15.4639a  1:224     =   1.0159n  1:226     =   1.0159n
 + 1:228     =  -1.1129a  1:229     =-124.2600a  1:230     =-124.2596a
 + 1:237     = 170.9128p  1:238     =   1.0395n  1:239     = 170.9128p
 + 1:241     = 170.9128p  1:243     =   1.0395n  1:245     =   1.0395n
 + 1:247     = 476.1355p  1:248     = 476.1354p  1:249     = 476.1354p
 + 1:256     = 683.8347p  1:257     = 683.8347p  1:258     = 683.8347p
 + 1:259     = 683.8347p  1:260     = 683.8347p  1:261     = 683.8347p
 + 1:263     = 683.8347p  1:265     = 683.8347p  1:267     = 683.8347p
 + 1:269     =  -2.9981a  1:270     =-126.1439a  1:271     =-126.1425a
 + 1:278     =  -2.0980a  1:279     =-125.2444a  1:280     =-125.2426a
 + 1:287     =  -2.0372a  1:288     =-125.1842a  1:289     =-125.1838a
 + 1:296     =  20.7337a  1:297     =  20.6890a  1:298     =   1.0159n
 + 1:299     =  20.5000a  1:301     =  20.7337a  1:303     =   1.0159n
 + 1:305     =   1.0159n  1:307     = 683.8347p  1:308     = 683.8347p
 + 1:309     = 683.8347p  1:310     =   0.       1:311     = 683.8347p
 + 1:312     = 683.8346p  1:313     = 683.8346p  1:320     =-261.8561a
 + 1:321     =-332.1596a  1:322     =  15.4639a  1:323     = 588.7276p
 + 1:325     = 588.7276p  1:327     = 588.7276p  1:329     = 588.7276p
 + 1:331     =   9.7018a  1:332     = 588.7276p  1:333     =   0.     
 + 1:334     =   1.0159n  1:335     =   1.0159n  1:338     =   0.     
 + 1:340     =  20.5643a  1:342     =   1.0159n  1:343     =  19.5808a
 + 1:344     =  19.5808a  1:346     =   1.0159n  1:349     =   0.     
 + 1:350     = 158.6690p  1:351     =   0.       1:352     = 476.1355p
 + 1:f101    = 629.4797p  1:f102    = 476.1352p  1:f103    =   1.0159n
 + 1:f106    =-332.1596a  1:f107    = 942.6486p  1:f110    =-261.8561a
 + 1:f111    = 476.1358p  1:f114    =-190.8629a  1:f118    =-261.1633a
 + 1:f119    = 942.6488p  1:f122    =-333.2029a  1:f123    =   1.0159n
 + 1:f126    =-191.8237a  1:f127    =   1.0395n  1:f130    =-262.0025a
 + 1:f131    =   1.0159n  1:f134    = 476.1351p  1:f135    =   1.0395n
 + 1:f138    =-334.1261a  1:f139    = 683.8350p  1:f142    =-192.7474a
 + 1:f143    =   1.0078n  1:f145    =   1.1185n  1:f146    =-262.9267a
 + 1:f149    =   1.0159n  1:f150    = 683.8345p  1:f151    = 588.7278p
 + 1:f152    =   1.0159n  1:f153    =   1.0159n  1:f154    =-191.0939a
 + 1:f155    = 852.7139p  1:f3      =   0.       1:f4      =   0.     
 + 1:f46     =-123.2644a  1:f47     = 158.6690p  1:f5      =   0.     
 + 1:f50     =-124.1120a  1:f51     = 476.1354p  1:f54     =-123.3595a
 + 1:f58     =-123.4205a  1:f59     = 158.6689p  1:f6      = 629.4796p
 + 1:f62     =-125.2206a  1:f63     = 105.3634a  1:f66     =-124.3203a
 + 1:f67     = 170.9127p  1:f7      = 588.7276p  1:f70     =-124.2596a
 + 1:f71     = 111.3711a  1:f74     = 476.1354p  1:f75     = 170.9129p
 + 1:f78     =-126.1425a  1:f79     = 683.8345p  1:f82     =-125.2426a
 + 1:f83     = 455.6844p  1:f85     = 227.7807p  1:f86     =-125.1838a
 + 1:f89     = 249.8323a  1:f9      =   1.0159n  1:f90     = 683.8346p
 + 1:f91     = 588.7275p  1:f93     = 120.9995a  1:f94     =-123.5903a
 + 1:f95     = 238.0034p  1:f96     =  20.5643a  1:f97     = 629.4795p
 + 1:f98     = 476.1353p  1:f99     = 150.6129a

 ******
 .temp25

 ****** transient analysis tnom=  25.000 temp=  25.000 ******
  **warning** (onbit_tb.sp:29) Target event is undefined. Please specify a valid event. Measure failed.
   tphl1= failed                          trig= not found
   tplh1= failed                          trig= not found
   tphl2= failed                          trig= not found
   tplh2= failed                          trig= not found

          ***** job concluded
1****** HSPICE -- K-2015.06-2 linux64 (Jun 25 2015) ******                      
 ******  
 .temp25

 ****** job statistics summary tnom=  25.000 temp=  25.000 ******
  
  
 ******  Machine Information  ******
 CPU:
 model name	: Intel(R) Xeon(R) CPU E3-1246 v3 @ 3.50GHz
 cpu MHz	: 800.000
  
 OS:
 Linux version 2.6.32-642.3.1.el6.x86_64 (mockbuild@x86-029.build.eng.bos.redhat.com) (gcc version 4.4.7 20120313 (Red Hat 4.4.7-17) (GCC) ) #1 SMP Sun Jun 26 18:16:44 EDT 2016


  ******  HSPICE Threads Information  ******

  Command Line Threads Count :     1
  Available CPU Count        :     8
  Actual Threads Count       :     1


  ****** Statistics of Ignored Elements ******
  Capacitors      :       1
  Voltage Sources :       1

  ******  Circuit Statistics  ******
  # nodes       =     303 # elements   =     535
  # resistors   =     352 # capacitors =     151 # inductors   =       0
  # mutual_inds =       0 # vccs       =       0 # vcvs        =       0
  # cccs        =       0 # ccvs       =       0 # volt_srcs   =       4
  # curr_srcs   =       0 # diodes     =       0 # bjts        =       0
  # jfets       =       0 # mosfets    =      28 # U elements  =       0
  # T elements  =       0 # W elements =       0 # B elements  =       0
  # S elements  =       0 # P elements =       0 # va device   =       0
  # vector_srcs =       0 # N elements =       0


  ******  Runtime Statistics (seconds)  ******

  analysis           time    # points   tot. iter  conv.iter
  op point           0.02           1           3
  transient          0.16        6001         939         404 rev=        42
  readin             0.04
  errchk             0.03
  setup              0.02
  output             0.00


           peak memory used        202.52 megabytes
           total cpu time            0.30 seconds
           total elapsed time        0.28 seconds
           job started at     14:12:06 11/20/2016
           job ended   at     14:12:06 11/20/2016


 lic: Release hspice token(s) 
 lic: total license checkout elapse time:        0.10(s)
