### CustomExplorer log file, revision K-2015.06-1 (build 07/22/15) ###
### created at 14:10:47 on Sun Nov 20 2016 (Linux AMD64) ###
### Host Name: eecad17.eas.asu.edu   User ID: aparame2   PID: 32646   ###
wv_start_log
# (0) running in waveview only mode
# (0) SW_SX_PERL_LIB defined
# (0) SW_SX_TCL_LIB defined
# (0) HOME defined
wv_move_window CustomWaveView 0 0
wv_resize_window CustomWaveView 800 400
wv_move_window CustomWaveView 58 76
wv_move_window CustomWaveView 0 30
wv_resize_window CustomWaveView 1920 1018
wv_move_window CustomWaveView 58 76
wv_resize_window CustomWaveView 800 400
wv_select_toolbar_item {Import Waveform File}
wv_select_dialog FileDialog
wv_move_dialog FileDialog 243 30
wv_set_text FileDialog.FileName {}
wv_select_list_item FileDialog.FileList onbit_tb.tr0
wv_dclick_list_item FileDialog.FileList onbit_tb.tr0
wv_move_window CustomWaveView 0 22
wv_resize_window CustomWaveView 1920 1018
wv_select_tree_item MainWindow.hierview {D0:onbit_tb.tr0}
wv_dclick_tree_item MainWindow.hierview {D0:onbit_tb.tr0}
wv_select_tree_item MainWindow.hierview {D0:onbit_tb.tr0}
wv_select_tree_item MainWindow.hierview {D0:onbit_tb.tr0/toplevel}
wv_select_list_item MainWindow.sigview v(a)
wv_dclick_list_item MainWindow.sigview v(a)
wv_select_list_item MainWindow.sigview v(b)
wv_dclick_list_item MainWindow.sigview v(b)
wv_select_list_item MainWindow.sigview v(coutbar)
wv_dclick_list_item MainWindow.sigview v(coutbar)
wv_select_list_item MainWindow.sigview v(ci)
wv_dclick_list_item MainWindow.sigview v(ci)
wv_select_list_item MainWindow.sigview v(sumbar)
wv_dclick_list_item MainWindow.sigview v(sumbar)
wv_select_wv_item WV1.PANEL4:1.LEGEND
wv_select_panel WV1.PANEL4:1.LEGEND
wv_ctrl_select_panel WV1.PANEL3:1.LEGEND
wv_ctrl_select_panel WV1.PANEL5:1.LEGEND
wv_press_key Delete
wv_select_dialog Confirmation
wv_press_button Confirmation.Ok
wv_select_list_item MainWindow.sigview v(ci)
wv_dclick_list_item MainWindow.sigview v(ci)
wv_select_list_item MainWindow.sigview v(ci)
wv_select_list_item MainWindow.sigview v(coutbar)
wv_dclick_list_item MainWindow.sigview v(coutbar)
wv_select_list_item MainWindow.sigview v(sumbar)
wv_dclick_list_item MainWindow.sigview v(sumbar)
wv_move_window CustomWaveView 0 0
wv_move_window CustomWaveView 0 22
wv_select_toolbar_item {Update Waveforms}
wv_select_dialog ReloadFiles
wv_press_button ReloadFiles.YesAll
wv_close_window CustomWaveView
wv_select_dialog Confirmation
# wv_press_button Confirmation.Ok
